2018-04-18 14:28:24,577 [INFO] [main] com.chdedu.mariframe.MariframeApplication [StartupInfoLogger.java : 48] Starting MariframeApplication v1.0.0-SNAPSHOT on DESKTOP-7ETJDE8 with PID 16044 (G:\production\江苏机电维护预算\jdwy_js.jar started by edelb in G:\production\江苏机电维护预算)
2018-04-18 14:28:24,580 [DEBUG] [main] com.chdedu.mariframe.MariframeApplication [StartupInfoLogger.java : 51] Running with Spring Boot v1.5.3.RELEASE, Spring v4.3.8.RELEASE
2018-04-18 14:28:24,580 [INFO] [main] com.chdedu.mariframe.MariframeApplication [SpringApplication.java : 641] The following profiles are active: dev
2018-04-18 14:28:24,637 [INFO] [main] o.s.b.c.e.AnnotationConfigEmbeddedWebApplicationContext [AbstractApplicationContext.java : 582] Refreshing org.springframework.boot.context.embedded.AnnotationConfigEmbeddedWebApplicationContext@6e3c1e69: startup date [Wed Apr 18 14:28:24 CST 2018]; root of context hierarchy
2018-04-18 14:28:26,757 [INFO] [main] o.s.data.repository.config.RepositoryConfigurationDelegate [RepositoryConfigurationDelegate.java : 165] Multiple Spring Data modules found, entering strict repository configuration mode!
2018-04-18 14:28:27,355 [INFO] [main] o.s.c.s.PostProcessorRegistrationDelegate$BeanPostProcessorChecker [PostProcessorRegistrationDelegate.java : 325] Bean 'shiroConfig' of type [com.chdedu.mariframe.config.web.ShiroConfig$$EnhancerBySpringCGLIB$$6642d624] is not eligible for getting processed by all BeanPostProcessors (for example: not eligible for auto-proxying)
2018-04-18 14:28:27,434 [INFO] [main] o.s.c.s.PostProcessorRegistrationDelegate$BeanPostProcessorChecker [PostProcessorRegistrationDelegate.java : 325] Bean 'webConfig' of type [com.chdedu.mariframe.config.web.WebConfig$$EnhancerBySpringCGLIB$$df3b66a7] is not eligible for getting processed by all BeanPostProcessors (for example: not eligible for auto-proxying)
2018-04-18 14:28:27,486 [INFO] [main] o.s.c.s.PostProcessorRegistrationDelegate$BeanPostProcessorChecker [PostProcessorRegistrationDelegate.java : 325] Bean 'rememberMeCookie' of type [org.apache.shiro.web.servlet.SimpleCookie] is not eligible for getting processed by all BeanPostProcessors (for example: not eligible for auto-proxying)
2018-04-18 14:28:27,840 [INFO] [main] o.s.c.s.PostProcessorRegistrationDelegate$BeanPostProcessorChecker [PostProcessorRegistrationDelegate.java : 325] Bean 'rememberMeManager' of type [org.apache.shiro.web.mgt.CookieRememberMeManager] is not eligible for getting processed by all BeanPostProcessors (for example: not eligible for auto-proxying)
2018-04-18 14:28:27,847 [INFO] [main] o.s.c.s.PostProcessorRegistrationDelegate$BeanPostProcessorChecker [PostProcessorRegistrationDelegate.java : 325] Bean 'ehCacheConfig' of type [com.chdedu.mariframe.config.EhCacheConfig$$EnhancerBySpringCGLIB$$5066556c] is not eligible for getting processed by all BeanPostProcessors (for example: not eligible for auto-proxying)
2018-04-18 14:28:27,855 [INFO] [main] org.springframework.cache.ehcache.EhCacheManagerFactoryBean [EhCacheManagerFactoryBean.java : 130] Initializing EhCache CacheManager
2018-04-18 14:28:28,041 [INFO] [main] o.s.c.s.PostProcessorRegistrationDelegate$BeanPostProcessorChecker [PostProcessorRegistrationDelegate.java : 325] Bean 'ehcache' of type [org.springframework.cache.ehcache.EhCacheManagerFactoryBean] is not eligible for getting processed by all BeanPostProcessors (for example: not eligible for auto-proxying)
2018-04-18 14:28:28,047 [INFO] [main] o.s.c.s.PostProcessorRegistrationDelegate$BeanPostProcessorChecker [PostProcessorRegistrationDelegate.java : 325] Bean 'getCacheShiroManager' of type [org.apache.shiro.cache.ehcache.EhCacheManager] is not eligible for getting processed by all BeanPostProcessors (for example: not eligible for auto-proxying)
2018-04-18 14:28:28,254 [INFO] [main] o.s.c.s.PostProcessorRegistrationDelegate$BeanPostProcessorChecker [PostProcessorRegistrationDelegate.java : 325] Bean 'mariframeProperties' of type [com.chdedu.mariframe.config.properties.MariframeProperties] is not eligible for getting processed by all BeanPostProcessors (for example: not eligible for auto-proxying)
2018-04-18 14:28:28,276 [INFO] [main] o.s.c.s.PostProcessorRegistrationDelegate$BeanPostProcessorChecker [PostProcessorRegistrationDelegate.java : 325] Bean 'defaultWebSessionManager' of type [org.apache.shiro.web.session.mgt.DefaultWebSessionManager] is not eligible for getting processed by all BeanPostProcessors (for example: not eligible for auto-proxying)
2018-04-18 14:28:28,303 [INFO] [main] o.s.c.s.PostProcessorRegistrationDelegate$BeanPostProcessorChecker [PostProcessorRegistrationDelegate.java : 325] Bean 'shiroDbRealm' of type [com.chdedu.mariframe.core.shiro.ShiroDbRealm] is not eligible for getting processed by all BeanPostProcessors (for example: not eligible for auto-proxying)
2018-04-18 14:28:28,304 [INFO] [main] org.apache.shiro.cache.ehcache.EhCacheManager [EhCacheManager.java : 158] Cache with name 'com.chdedu.mariframe.core.shiro.ShiroDbRealm.authorizationCache' does not yet exist.  Creating now.
2018-04-18 14:28:28,315 [INFO] [main] org.apache.shiro.cache.ehcache.EhCacheManager [EhCacheManager.java : 165] Added EhCache named [com.chdedu.mariframe.core.shiro.ShiroDbRealm.authorizationCache]
2018-04-18 14:28:28,326 [INFO] [main] o.s.c.s.PostProcessorRegistrationDelegate$BeanPostProcessorChecker [PostProcessorRegistrationDelegate.java : 325] Bean 'securityManager' of type [org.apache.shiro.web.mgt.DefaultWebSecurityManager] is not eligible for getting processed by all BeanPostProcessors (for example: not eligible for auto-proxying)
2018-04-18 14:28:28,334 [INFO] [main] o.s.c.s.PostProcessorRegistrationDelegate$BeanPostProcessorChecker [PostProcessorRegistrationDelegate.java : 325] Bean 'methodInvokingFactoryBean' of type [org.springframework.beans.factory.config.MethodInvokingFactoryBean] is not eligible for getting processed by all BeanPostProcessors (for example: not eligible for auto-proxying)
2018-04-18 14:28:28,394 [INFO] [main] o.s.c.s.PostProcessorRegistrationDelegate$BeanPostProcessorChecker [PostProcessorRegistrationDelegate.java : 325] Bean 'authorizationAttributeSourceAdvisor' of type [org.apache.shiro.spring.security.interceptor.AuthorizationAttributeSourceAdvisor] is not eligible for getting processed by all BeanPostProcessors (for example: not eligible for auto-proxying)
2018-04-18 14:28:28,399 [INFO] [main] o.s.c.s.PostProcessorRegistrationDelegate$BeanPostProcessorChecker [PostProcessorRegistrationDelegate.java : 325] Bean 'druidStatPointcut' of type [org.springframework.aop.support.JdkRegexpMethodPointcut] is not eligible for getting processed by all BeanPostProcessors (for example: not eligible for auto-proxying)
2018-04-18 14:28:28,413 [INFO] [main] o.s.c.s.PostProcessorRegistrationDelegate$BeanPostProcessorChecker [PostProcessorRegistrationDelegate.java : 325] Bean 'druidStatInterceptor' of type [com.alibaba.druid.support.spring.stat.DruidStatInterceptor] is not eligible for getting processed by all BeanPostProcessors (for example: not eligible for auto-proxying)
2018-04-18 14:28:28,417 [INFO] [main] o.s.c.s.PostProcessorRegistrationDelegate$BeanPostProcessorChecker [PostProcessorRegistrationDelegate.java : 325] Bean 'druidStatAdvisor' of type [org.springframework.aop.support.DefaultPointcutAdvisor] is not eligible for getting processed by all BeanPostProcessors (for example: not eligible for auto-proxying)
2018-04-18 14:28:28,501 [INFO] [main] o.s.c.s.PostProcessorRegistrationDelegate$BeanPostProcessorChecker [PostProcessorRegistrationDelegate.java : 325] Bean 'org.springframework.transaction.annotation.ProxyTransactionManagementConfiguration' of type [org.springframework.transaction.annotation.ProxyTransactionManagementConfiguration$$EnhancerBySpringCGLIB$$45a4405c] is not eligible for getting processed by all BeanPostProcessors (for example: not eligible for auto-proxying)
2018-04-18 14:28:28,877 [INFO] [main] o.s.c.s.PostProcessorRegistrationDelegate$BeanPostProcessorChecker [PostProcessorRegistrationDelegate.java : 325] Bean 'org.springframework.cache.annotation.ProxyCachingConfiguration' of type [org.springframework.cache.annotation.ProxyCachingConfiguration$$EnhancerBySpringCGLIB$$8eb6767a] is not eligible for getting processed by all BeanPostProcessors (for example: not eligible for auto-proxying)
2018-04-18 14:28:29,612 [INFO] [main] o.s.b.context.embedded.tomcat.TomcatEmbeddedServletContainer [TomcatEmbeddedServletContainer.java : 89] Tomcat initialized with port(s): 80 (http)
2018-04-18 14:28:29,641 [INFO] [main] org.apache.catalina.core.StandardService [DirectJDKLog.java : 179] Starting service Tomcat
2018-04-18 14:28:29,642 [INFO] [main] org.apache.catalina.core.StandardEngine [DirectJDKLog.java : 179] Starting Servlet Engine: Apache Tomcat/8.5.14
2018-04-18 14:28:29,737 [INFO] [localhost-startStop-1] o.a.catalina.core.ContainerBase.[Tomcat].[localhost].[/] [DirectJDKLog.java : 179] Initializing Spring embedded WebApplicationContext
2018-04-18 14:28:29,737 [INFO] [localhost-startStop-1] org.springframework.web.context.ContextLoader [EmbeddedWebApplicationContext.java : 276] Root WebApplicationContext: initialization completed in 5100 ms
2018-04-18 14:28:30,284 [INFO] [localhost-startStop-1] org.springframework.boot.web.servlet.ServletRegistrationBean [ServletRegistrationBean.java : 190] Mapping servlet: 'statViewServlet' to [/druid/*]
2018-04-18 14:28:30,285 [INFO] [localhost-startStop-1] org.springframework.boot.web.servlet.ServletRegistrationBean [ServletRegistrationBean.java : 190] Mapping servlet: 'dispatcherServlet' to [/]
2018-04-18 14:28:30,289 [INFO] [localhost-startStop-1] org.springframework.boot.web.servlet.FilterRegistrationBean [AbstractFilterRegistrationBean.java : 258] Mapping filter: 'characterEncodingFilter' to: [/*]
2018-04-18 14:28:30,290 [INFO] [localhost-startStop-1] org.springframework.boot.web.servlet.FilterRegistrationBean [AbstractFilterRegistrationBean.java : 258] Mapping filter: 'hiddenHttpMethodFilter' to: [/*]
2018-04-18 14:28:30,290 [INFO] [localhost-startStop-1] org.springframework.boot.web.servlet.FilterRegistrationBean [AbstractFilterRegistrationBean.java : 258] Mapping filter: 'httpPutFormContentFilter' to: [/*]
2018-04-18 14:28:30,290 [INFO] [localhost-startStop-1] org.springframework.boot.web.servlet.FilterRegistrationBean [AbstractFilterRegistrationBean.java : 258] Mapping filter: 'requestContextFilter' to: [/*]
2018-04-18 14:28:30,291 [INFO] [localhost-startStop-1] org.springframework.boot.web.servlet.FilterRegistrationBean [AbstractFilterRegistrationBean.java : 271] Mapping filter: 'webStatFilter' to urls: [/*]
2018-04-18 14:28:30,291 [INFO] [localhost-startStop-1] org.springframework.boot.web.servlet.FilterRegistrationBean [AbstractFilterRegistrationBean.java : 271] Mapping filter: 'xssFilter' to urls: [/*]
2018-04-18 14:28:30,291 [INFO] [localhost-startStop-1] org.springframework.boot.web.servlet.FilterRegistrationBean [AbstractFilterRegistrationBean.java : 258] Mapping filter: 'shiroFilter' to: [/*]
2018-04-18 14:28:32,363 [INFO] [main] com.alibaba.druid.pool.DruidDataSource [DruidDataSource.java : 785] {dataSource-1} inited
2018-04-18 14:28:34,002 [WARN] [main] com.baomidou.mybatisplus.toolkit.TableInfoHelper [TableInfoHelper.java : 188] Warn: Could not find @TableId in Class: com.chdedu.mariframe.common.persistence.model.VCostsumUnitprice.
2018-04-18 14:28:34,002 [WARN] [main] com.baomidou.mybatisplus.mapper.AutoSqlInjector [AutoSqlInjector.java : 133] class com.chdedu.mariframe.common.persistence.model.VCostsumUnitprice ,Not found @TableId annotation, Cannot use Mybatis-Plus 'xxById' Method.
2018-04-18 14:28:34,040 [WARN] [main] com.baomidou.mybatisplus.toolkit.TableInfoHelper [TableInfoHelper.java : 188] Warn: Could not find @TableId in Class: com.chdedu.mariframe.common.persistence.model.VPreparedeviceSummed.
2018-04-18 14:28:34,040 [WARN] [main] com.baomidou.mybatisplus.mapper.AutoSqlInjector [AutoSqlInjector.java : 133] class com.chdedu.mariframe.common.persistence.model.VPreparedeviceSummed ,Not found @TableId annotation, Cannot use Mybatis-Plus 'xxById' Method.
2018-04-18 14:28:34,132 [WARN] [main] com.baomidou.mybatisplus.toolkit.TableInfoHelper [TableInfoHelper.java : 188] Warn: Could not find @TableId in Class: com.chdedu.mariframe.common.persistence.model.VRoaddevicePPSumCost.
2018-04-18 14:28:34,133 [WARN] [main] com.baomidou.mybatisplus.mapper.AutoSqlInjector [AutoSqlInjector.java : 133] class com.chdedu.mariframe.common.persistence.model.VRoaddevicePPSumCost ,Not found @TableId annotation, Cannot use Mybatis-Plus 'xxById' Method.
2018-04-18 14:28:36,879 [INFO] [main] o.s.w.s.mvc.method.annotation.RequestMappingHandlerMapping [AbstractHandlerMethodMapping.java : 543] Mapped "{[/laborprice]}" onto public java.lang.String com.chdedu.mariframe.modular.basic.controller.LaborpriceController.index()
2018-04-18 14:28:36,880 [INFO] [main] o.s.w.s.mvc.method.annotation.RequestMappingHandlerMapping [AbstractHandlerMethodMapping.java : 543] Mapped "{[/laborprice/add]}" onto public java.lang.Object com.chdedu.mariframe.modular.basic.controller.LaborpriceController.add()
2018-04-18 14:28:36,881 [INFO] [main] o.s.w.s.mvc.method.annotation.RequestMappingHandlerMapping [AbstractHandlerMethodMapping.java : 543] Mapped "{[/laborprice/update]}" onto public java.lang.Object com.chdedu.mariframe.modular.basic.controller.LaborpriceController.update(com.chdedu.mariframe.common.persistence.model.Laborprice)
2018-04-18 14:28:36,881 [INFO] [main] o.s.w.s.mvc.method.annotation.RequestMappingHandlerMapping [AbstractHandlerMethodMapping.java : 543] Mapped "{[/laborprice/delete]}" onto public java.lang.Object com.chdedu.mariframe.modular.basic.controller.LaborpriceController.delete()
2018-04-18 14:28:36,881 [INFO] [main] o.s.w.s.mvc.method.annotation.RequestMappingHandlerMapping [AbstractHandlerMethodMapping.java : 543] Mapped "{[/laborprice/list]}" onto public java.lang.Object com.chdedu.mariframe.modular.basic.controller.LaborpriceController.list(java.lang.String)
2018-04-18 14:28:36,882 [INFO] [main] o.s.w.s.mvc.method.annotation.RequestMappingHandlerMapping [AbstractHandlerMethodMapping.java : 543] Mapped "{[/laborprice/laborprice_update/{laborpriceId}]}" onto public java.lang.String com.chdedu.mariframe.modular.basic.controller.LaborpriceController.laborpriceUpdate(java.lang.Integer,org.springframework.ui.Model)
2018-04-18 14:28:36,882 [INFO] [main] o.s.w.s.mvc.method.annotation.RequestMappingHandlerMapping [AbstractHandlerMethodMapping.java : 543] Mapped "{[/laborprice/laborprice_add]}" onto public java.lang.String com.chdedu.mariframe.modular.basic.controller.LaborpriceController.laborpriceAdd()
2018-04-18 14:28:36,882 [INFO] [main] o.s.w.s.mvc.method.annotation.RequestMappingHandlerMapping [AbstractHandlerMethodMapping.java : 543] Mapped "{[/laborprice/detail]}" onto public java.lang.Object com.chdedu.mariframe.modular.basic.controller.LaborpriceController.detail()
2018-04-18 14:28:36,886 [INFO] [main] o.s.w.s.mvc.method.annotation.RequestMappingHandlerMapping [AbstractHandlerMethodMapping.java : 543] Mapped "{[/materialprice]}" onto public java.lang.String com.chdedu.mariframe.modular.basic.controller.MaterialpriceController.index()
2018-04-18 14:28:36,886 [INFO] [main] o.s.w.s.mvc.method.annotation.RequestMappingHandlerMapping [AbstractHandlerMethodMapping.java : 543] Mapped "{[/materialprice/add]}" onto public java.lang.Object com.chdedu.mariframe.modular.basic.controller.MaterialpriceController.add()
2018-04-18 14:28:36,887 [INFO] [main] o.s.w.s.mvc.method.annotation.RequestMappingHandlerMapping [AbstractHandlerMethodMapping.java : 543] Mapped "{[/materialprice/update]}" onto public java.lang.Object com.chdedu.mariframe.modular.basic.controller.MaterialpriceController.update(com.chdedu.mariframe.common.persistence.model.Materialprice)
2018-04-18 14:28:36,887 [INFO] [main] o.s.w.s.mvc.method.annotation.RequestMappingHandlerMapping [AbstractHandlerMethodMapping.java : 543] Mapped "{[/materialprice/delete]}" onto public java.lang.Object com.chdedu.mariframe.modular.basic.controller.MaterialpriceController.delete()
2018-04-18 14:28:36,887 [INFO] [main] o.s.w.s.mvc.method.annotation.RequestMappingHandlerMapping [AbstractHandlerMethodMapping.java : 543] Mapped "{[/materialprice/list]}" onto public java.lang.Object com.chdedu.mariframe.modular.basic.controller.MaterialpriceController.list(java.lang.String)
2018-04-18 14:28:36,888 [INFO] [main] o.s.w.s.mvc.method.annotation.RequestMappingHandlerMapping [AbstractHandlerMethodMapping.java : 543] Mapped "{[/materialprice/materialprice_add]}" onto public java.lang.String com.chdedu.mariframe.modular.basic.controller.MaterialpriceController.materialpriceAdd()
2018-04-18 14:28:36,888 [INFO] [main] o.s.w.s.mvc.method.annotation.RequestMappingHandlerMapping [AbstractHandlerMethodMapping.java : 543] Mapped "{[/materialprice/materialprice_update/{materialpriceId}]}" onto public java.lang.String com.chdedu.mariframe.modular.basic.controller.MaterialpriceController.materialpriceUpdate(java.lang.Integer,org.springframework.ui.Model)
2018-04-18 14:28:36,888 [INFO] [main] o.s.w.s.mvc.method.annotation.RequestMappingHandlerMapping [AbstractHandlerMethodMapping.java : 543] Mapped "{[/materialprice/detail]}" onto public java.lang.Object com.chdedu.mariframe.modular.basic.controller.MaterialpriceController.detail()
2018-04-18 14:28:36,889 [INFO] [main] o.s.w.s.mvc.method.annotation.RequestMappingHandlerMapping [AbstractHandlerMethodMapping.java : 543] Mapped "{[/price]}" onto public java.lang.String com.chdedu.mariframe.modular.basic.controller.PriceController.index()
2018-04-18 14:28:36,890 [INFO] [main] o.s.w.s.mvc.method.annotation.RequestMappingHandlerMapping [AbstractHandlerMethodMapping.java : 543] Mapped "{[/price/add]}" onto public java.lang.Object com.chdedu.mariframe.modular.basic.controller.PriceController.add()
2018-04-18 14:28:36,890 [INFO] [main] o.s.w.s.mvc.method.annotation.RequestMappingHandlerMapping [AbstractHandlerMethodMapping.java : 543] Mapped "{[/price/update]}" onto public java.lang.Object com.chdedu.mariframe.modular.basic.controller.PriceController.update(com.chdedu.mariframe.common.persistence.model.Price)
2018-04-18 14:28:36,890 [INFO] [main] o.s.w.s.mvc.method.annotation.RequestMappingHandlerMapping [AbstractHandlerMethodMapping.java : 543] Mapped "{[/price/delete]}" onto public java.lang.Object com.chdedu.mariframe.modular.basic.controller.PriceController.delete()
2018-04-18 14:28:36,891 [INFO] [main] o.s.w.s.mvc.method.annotation.RequestMappingHandlerMapping [AbstractHandlerMethodMapping.java : 543] Mapped "{[/price/list]}" onto public java.lang.Object com.chdedu.mariframe.modular.basic.controller.PriceController.list(java.lang.String)
2018-04-18 14:28:36,891 [INFO] [main] o.s.w.s.mvc.method.annotation.RequestMappingHandlerMapping [AbstractHandlerMethodMapping.java : 543] Mapped "{[/price/price_add]}" onto public java.lang.String com.chdedu.mariframe.modular.basic.controller.PriceController.priceAdd()
2018-04-18 14:28:36,891 [INFO] [main] o.s.w.s.mvc.method.annotation.RequestMappingHandlerMapping [AbstractHandlerMethodMapping.java : 543] Mapped "{[/price/price_update/{priceId}]}" onto public java.lang.String com.chdedu.mariframe.modular.basic.controller.PriceController.priceUpdate(java.lang.Integer,org.springframework.ui.Model)
2018-04-18 14:28:36,892 [INFO] [main] o.s.w.s.mvc.method.annotation.RequestMappingHandlerMapping [AbstractHandlerMethodMapping.java : 543] Mapped "{[/price/detail]}" onto public java.lang.Object com.chdedu.mariframe.modular.basic.controller.PriceController.detail()
2018-04-18 14:28:36,893 [INFO] [main] o.s.w.s.mvc.method.annotation.RequestMappingHandlerMapping [AbstractHandlerMethodMapping.java : 543] Mapped "{[/quota]}" onto public java.lang.String com.chdedu.mariframe.modular.basic.controller.QuotaController.index()
2018-04-18 14:28:36,894 [INFO] [main] o.s.w.s.mvc.method.annotation.RequestMappingHandlerMapping [AbstractHandlerMethodMapping.java : 543] Mapped "{[/quota/add]}" onto public java.lang.Object com.chdedu.mariframe.modular.basic.controller.QuotaController.add()
2018-04-18 14:28:36,894 [INFO] [main] o.s.w.s.mvc.method.annotation.RequestMappingHandlerMapping [AbstractHandlerMethodMapping.java : 543] Mapped "{[/quota/update]}" onto public java.lang.Object com.chdedu.mariframe.modular.basic.controller.QuotaController.update(com.chdedu.mariframe.common.persistence.model.Quota)
2018-04-18 14:28:36,894 [INFO] [main] o.s.w.s.mvc.method.annotation.RequestMappingHandlerMapping [AbstractHandlerMethodMapping.java : 543] Mapped "{[/quota/delete]}" onto public java.lang.Object com.chdedu.mariframe.modular.basic.controller.QuotaController.delete()
2018-04-18 14:28:36,895 [INFO] [main] o.s.w.s.mvc.method.annotation.RequestMappingHandlerMapping [AbstractHandlerMethodMapping.java : 543] Mapped "{[/quota/list]}" onto public java.lang.Object com.chdedu.mariframe.modular.basic.controller.QuotaController.list(java.lang.String)
2018-04-18 14:28:36,895 [INFO] [main] o.s.w.s.mvc.method.annotation.RequestMappingHandlerMapping [AbstractHandlerMethodMapping.java : 543] Mapped "{[/quota/quota_add]}" onto public java.lang.String com.chdedu.mariframe.modular.basic.controller.QuotaController.quotaAdd()
2018-04-18 14:28:36,895 [INFO] [main] o.s.w.s.mvc.method.annotation.RequestMappingHandlerMapping [AbstractHandlerMethodMapping.java : 543] Mapped "{[/quota/quota_update/{quotaId}]}" onto public java.lang.String com.chdedu.mariframe.modular.basic.controller.QuotaController.quotaUpdate(java.lang.Integer,org.springframework.ui.Model)
2018-04-18 14:28:36,896 [INFO] [main] o.s.w.s.mvc.method.annotation.RequestMappingHandlerMapping [AbstractHandlerMethodMapping.java : 543] Mapped "{[/quota/detail]}" onto public java.lang.Object com.chdedu.mariframe.modular.basic.controller.QuotaController.detail()
2018-04-18 14:28:36,897 [INFO] [main] o.s.w.s.mvc.method.annotation.RequestMappingHandlerMapping [AbstractHandlerMethodMapping.java : 543] Mapped "{[/relationship]}" onto public java.lang.String com.chdedu.mariframe.modular.basic.controller.RelationshipController.index()
2018-04-18 14:28:36,897 [INFO] [main] o.s.w.s.mvc.method.annotation.RequestMappingHandlerMapping [AbstractHandlerMethodMapping.java : 543] Mapped "{[/relationship/add]}" onto public java.lang.Object com.chdedu.mariframe.modular.basic.controller.RelationshipController.add()
2018-04-18 14:28:36,897 [INFO] [main] o.s.w.s.mvc.method.annotation.RequestMappingHandlerMapping [AbstractHandlerMethodMapping.java : 543] Mapped "{[/relationship/update]}" onto public java.lang.Object com.chdedu.mariframe.modular.basic.controller.RelationshipController.update()
2018-04-18 14:28:36,898 [INFO] [main] o.s.w.s.mvc.method.annotation.RequestMappingHandlerMapping [AbstractHandlerMethodMapping.java : 543] Mapped "{[/relationship/delete]}" onto public java.lang.Object com.chdedu.mariframe.modular.basic.controller.RelationshipController.delete()
2018-04-18 14:28:36,898 [INFO] [main] o.s.w.s.mvc.method.annotation.RequestMappingHandlerMapping [AbstractHandlerMethodMapping.java : 543] Mapped "{[/relationship/list]}" onto public java.lang.Object com.chdedu.mariframe.modular.basic.controller.RelationshipController.list(java.lang.Integer,java.lang.Integer)
2018-04-18 14:28:36,898 [INFO] [main] o.s.w.s.mvc.method.annotation.RequestMappingHandlerMapping [AbstractHandlerMethodMapping.java : 543] Mapped "{[/relationship/relationship_add]}" onto public java.lang.String com.chdedu.mariframe.modular.basic.controller.RelationshipController.relationshipAdd()
2018-04-18 14:28:36,899 [INFO] [main] o.s.w.s.mvc.method.annotation.RequestMappingHandlerMapping [AbstractHandlerMethodMapping.java : 543] Mapped "{[/relationship/relationship_update/{relationshipId}]}" onto public java.lang.String com.chdedu.mariframe.modular.basic.controller.RelationshipController.relationshipUpdate(java.lang.Integer,org.springframework.ui.Model)
2018-04-18 14:28:36,899 [INFO] [main] o.s.w.s.mvc.method.annotation.RequestMappingHandlerMapping [AbstractHandlerMethodMapping.java : 543] Mapped "{[/relationship/detail]}" onto public java.lang.Object com.chdedu.mariframe.modular.basic.controller.RelationshipController.detail()
2018-04-18 14:28:36,900 [INFO] [main] o.s.w.s.mvc.method.annotation.RequestMappingHandlerMapping [AbstractHandlerMethodMapping.java : 543] Mapped "{[/repairs]}" onto public java.lang.String com.chdedu.mariframe.modular.basic.controller.RepairsController.index()
2018-04-18 14:28:36,900 [INFO] [main] o.s.w.s.mvc.method.annotation.RequestMappingHandlerMapping [AbstractHandlerMethodMapping.java : 543] Mapped "{[/repairs/add]}" onto public java.lang.Object com.chdedu.mariframe.modular.basic.controller.RepairsController.add(com.chdedu.mariframe.common.persistence.model.Bsrepairs)
2018-04-18 14:28:36,901 [INFO] [main] o.s.w.s.mvc.method.annotation.RequestMappingHandlerMapping [AbstractHandlerMethodMapping.java : 543] Mapped "{[/repairs/update]}" onto public java.lang.Object com.chdedu.mariframe.modular.basic.controller.RepairsController.update(com.chdedu.mariframe.common.persistence.model.Bsrepairs)
2018-04-18 14:28:36,901 [INFO] [main] o.s.w.s.mvc.method.annotation.RequestMappingHandlerMapping [AbstractHandlerMethodMapping.java : 543] Mapped "{[/repairs/delete]}" onto public java.lang.Object com.chdedu.mariframe.modular.basic.controller.RepairsController.delete(java.lang.Integer)
2018-04-18 14:28:36,901 [INFO] [main] o.s.w.s.mvc.method.annotation.RequestMappingHandlerMapping [AbstractHandlerMethodMapping.java : 543] Mapped "{[/repairs/list]}" onto public java.lang.Object com.chdedu.mariframe.modular.basic.controller.RepairsController.list(java.lang.Integer,java.lang.Integer)
2018-04-18 14:28:36,902 [INFO] [main] o.s.w.s.mvc.method.annotation.RequestMappingHandlerMapping [AbstractHandlerMethodMapping.java : 543] Mapped "{[/repairs/repairs_update/{repairsId}]}" onto public java.lang.String com.chdedu.mariframe.modular.basic.controller.RepairsController.repairsUpdate(java.lang.Integer,org.springframework.ui.Model)
2018-04-18 14:28:36,902 [INFO] [main] o.s.w.s.mvc.method.annotation.RequestMappingHandlerMapping [AbstractHandlerMethodMapping.java : 543] Mapped "{[/repairs/repairs_add]}" onto public java.lang.String com.chdedu.mariframe.modular.basic.controller.RepairsController.repairsAdd()
2018-04-18 14:28:36,902 [INFO] [main] o.s.w.s.mvc.method.annotation.RequestMappingHandlerMapping [AbstractHandlerMethodMapping.java : 543] Mapped "{[/repairs/detail]}" onto public java.lang.Object com.chdedu.mariframe.modular.basic.controller.RepairsController.detail()
2018-04-18 14:28:36,904 [INFO] [main] o.s.w.s.mvc.method.annotation.RequestMappingHandlerMapping [AbstractHandlerMethodMapping.java : 543] Mapped "{[/road]}" onto public java.lang.String com.chdedu.mariframe.modular.basic.controller.RoadController.index()
2018-04-18 14:28:36,904 [INFO] [main] o.s.w.s.mvc.method.annotation.RequestMappingHandlerMapping [AbstractHandlerMethodMapping.java : 543] Mapped "{[/road/add]}" onto public java.lang.Object com.chdedu.mariframe.modular.basic.controller.RoadController.add()
2018-04-18 14:28:36,905 [INFO] [main] o.s.w.s.mvc.method.annotation.RequestMappingHandlerMapping [AbstractHandlerMethodMapping.java : 543] Mapped "{[/road/update]}" onto public java.lang.Object com.chdedu.mariframe.modular.basic.controller.RoadController.update(com.chdedu.mariframe.common.persistence.model.Road)
2018-04-18 14:28:36,905 [INFO] [main] o.s.w.s.mvc.method.annotation.RequestMappingHandlerMapping [AbstractHandlerMethodMapping.java : 543] Mapped "{[/road/delete]}" onto public java.lang.Object com.chdedu.mariframe.modular.basic.controller.RoadController.delete()
2018-04-18 14:28:36,905 [INFO] [main] o.s.w.s.mvc.method.annotation.RequestMappingHandlerMapping [AbstractHandlerMethodMapping.java : 543] Mapped "{[/road/list]}" onto public java.lang.Object com.chdedu.mariframe.modular.basic.controller.RoadController.list(java.lang.Integer,java.lang.Integer)
2018-04-18 14:28:36,906 [INFO] [main] o.s.w.s.mvc.method.annotation.RequestMappingHandlerMapping [AbstractHandlerMethodMapping.java : 543] Mapped "{[/road/road_update/{roadId}_{companyName}]}" onto public java.lang.String com.chdedu.mariframe.modular.basic.controller.RoadController.roadUpdate(java.lang.Integer,java.lang.String,org.springframework.ui.Model)
2018-04-18 14:28:36,906 [INFO] [main] o.s.w.s.mvc.method.annotation.RequestMappingHandlerMapping [AbstractHandlerMethodMapping.java : 543] Mapped "{[/road/road_add]}" onto public java.lang.String com.chdedu.mariframe.modular.basic.controller.RoadController.roadAdd()
2018-04-18 14:28:36,906 [INFO] [main] o.s.w.s.mvc.method.annotation.RequestMappingHandlerMapping [AbstractHandlerMethodMapping.java : 543] Mapped "{[/road/detail]}" onto public java.lang.Object com.chdedu.mariframe.modular.basic.controller.RoadController.detail()
2018-04-18 14:28:36,908 [INFO] [main] o.s.w.s.mvc.method.annotation.RequestMappingHandlerMapping [AbstractHandlerMethodMapping.java : 543] Mapped "{[/devicetime]}" onto public java.lang.String com.chdedu.mariframe.modular.manage.controller.DevicetimeController.index()
2018-04-18 14:28:36,908 [INFO] [main] o.s.w.s.mvc.method.annotation.RequestMappingHandlerMapping [AbstractHandlerMethodMapping.java : 543] Mapped "{[/devicetime/add]}" onto public java.lang.Object com.chdedu.mariframe.modular.manage.controller.DevicetimeController.add()
2018-04-18 14:28:36,908 [INFO] [main] o.s.w.s.mvc.method.annotation.RequestMappingHandlerMapping [AbstractHandlerMethodMapping.java : 543] Mapped "{[/devicetime/update]}" onto public java.lang.Object com.chdedu.mariframe.modular.manage.controller.DevicetimeController.update(com.chdedu.mariframe.common.persistence.model.Devicetime)
2018-04-18 14:28:36,909 [INFO] [main] o.s.w.s.mvc.method.annotation.RequestMappingHandlerMapping [AbstractHandlerMethodMapping.java : 543] Mapped "{[/devicetime/delete/{devicetimeId}]}" onto public java.lang.Object com.chdedu.mariframe.modular.manage.controller.DevicetimeController.delete(java.lang.Integer)
2018-04-18 14:28:36,909 [INFO] [main] o.s.w.s.mvc.method.annotation.RequestMappingHandlerMapping [AbstractHandlerMethodMapping.java : 543] Mapped "{[/devicetime/list]}" onto public java.lang.Object com.chdedu.mariframe.modular.manage.controller.DevicetimeController.list(java.lang.Integer,java.lang.Integer,java.lang.Integer,java.lang.Integer)
2018-04-18 14:28:36,910 [INFO] [main] o.s.w.s.mvc.method.annotation.RequestMappingHandlerMapping [AbstractHandlerMethodMapping.java : 543] Mapped "{[/devicetime/devicetime_update/{devicetimeId}]}" onto public java.lang.String com.chdedu.mariframe.modular.manage.controller.DevicetimeController.devicetimeUpdate(java.lang.Integer,org.springframework.ui.Model)
2018-04-18 14:28:36,910 [INFO] [main] o.s.w.s.mvc.method.annotation.RequestMappingHandlerMapping [AbstractHandlerMethodMapping.java : 543] Mapped "{[/devicetime/devicetime_add]}" onto public java.lang.String com.chdedu.mariframe.modular.manage.controller.DevicetimeController.devicetimeAdd()
2018-04-18 14:28:36,910 [INFO] [main] o.s.w.s.mvc.method.annotation.RequestMappingHandlerMapping [AbstractHandlerMethodMapping.java : 543] Mapped "{[/devicetime/detail]}" onto public java.lang.Object com.chdedu.mariframe.modular.manage.controller.DevicetimeController.detail()
2018-04-18 14:28:36,911 [INFO] [main] o.s.w.s.mvc.method.annotation.RequestMappingHandlerMapping [AbstractHandlerMethodMapping.java : 543] Mapped "{[/preparedevice]}" onto public java.lang.String com.chdedu.mariframe.modular.manage.controller.PreparedeviceController.index()
2018-04-18 14:28:36,912 [INFO] [main] o.s.w.s.mvc.method.annotation.RequestMappingHandlerMapping [AbstractHandlerMethodMapping.java : 543] Mapped "{[/preparedevice/add]}" onto public java.lang.Object com.chdedu.mariframe.modular.manage.controller.PreparedeviceController.add(com.chdedu.mariframe.common.persistence.model.Preparedevice)
2018-04-18 14:28:36,912 [INFO] [main] o.s.w.s.mvc.method.annotation.RequestMappingHandlerMapping [AbstractHandlerMethodMapping.java : 543] Mapped "{[/preparedevice/update]}" onto public java.lang.Object com.chdedu.mariframe.modular.manage.controller.PreparedeviceController.update(com.chdedu.mariframe.common.persistence.model.Preparedevice)
2018-04-18 14:28:36,913 [INFO] [main] o.s.w.s.mvc.method.annotation.RequestMappingHandlerMapping [AbstractHandlerMethodMapping.java : 543] Mapped "{[/preparedevice/delete]}" onto public java.lang.Object com.chdedu.mariframe.modular.manage.controller.PreparedeviceController.delete(java.lang.Integer)
2018-04-18 14:28:36,913 [INFO] [main] o.s.w.s.mvc.method.annotation.RequestMappingHandlerMapping [AbstractHandlerMethodMapping.java : 543] Mapped "{[/preparedevice/list]}" onto public java.lang.Object com.chdedu.mariframe.modular.manage.controller.PreparedeviceController.list(java.lang.String)
2018-04-18 14:28:36,913 [INFO] [main] o.s.w.s.mvc.method.annotation.RequestMappingHandlerMapping [AbstractHandlerMethodMapping.java : 543] Mapped "{[/preparedevice/preparedevice_add]}" onto public java.lang.String com.chdedu.mariframe.modular.manage.controller.PreparedeviceController.preparedeviceAdd()
2018-04-18 14:28:36,913 [INFO] [main] o.s.w.s.mvc.method.annotation.RequestMappingHandlerMapping [AbstractHandlerMethodMapping.java : 543] Mapped "{[/preparedevice/preparedevice_update/{preparedeviceId}]}" onto public java.lang.String com.chdedu.mariframe.modular.manage.controller.PreparedeviceController.preparedeviceUpdate(java.lang.Integer,org.springframework.ui.Model)
2018-04-18 14:28:36,914 [INFO] [main] o.s.w.s.mvc.method.annotation.RequestMappingHandlerMapping [AbstractHandlerMethodMapping.java : 543] Mapped "{[/preparedevice/detail]}" onto public java.lang.Object com.chdedu.mariframe.modular.manage.controller.PreparedeviceController.detail()
2018-04-18 14:28:36,916 [INFO] [main] o.s.w.s.mvc.method.annotation.RequestMappingHandlerMapping [AbstractHandlerMethodMapping.java : 543] Mapped "{[/roaddevice]}" onto public java.lang.String com.chdedu.mariframe.modular.manage.controller.RoaddeviceController.index()
2018-04-18 14:28:36,916 [INFO] [main] o.s.w.s.mvc.method.annotation.RequestMappingHandlerMapping [AbstractHandlerMethodMapping.java : 543] Mapped "{[/roaddevice/add]}" onto public java.lang.Object com.chdedu.mariframe.modular.manage.controller.RoaddeviceController.add()
2018-04-18 14:28:36,916 [INFO] [main] o.s.w.s.mvc.method.annotation.RequestMappingHandlerMapping [AbstractHandlerMethodMapping.java : 543] Mapped "{[/roaddevice/update]}" onto public java.lang.Object com.chdedu.mariframe.modular.manage.controller.RoaddeviceController.update(com.chdedu.mariframe.common.persistence.model.Roaddevice)
2018-04-18 14:28:36,917 [INFO] [main] o.s.w.s.mvc.method.annotation.RequestMappingHandlerMapping [AbstractHandlerMethodMapping.java : 543] Mapped "{[/roaddevice/delete]}" onto public java.lang.Object com.chdedu.mariframe.modular.manage.controller.RoaddeviceController.delete()
2018-04-18 14:28:36,917 [INFO] [main] o.s.w.s.mvc.method.annotation.RequestMappingHandlerMapping [AbstractHandlerMethodMapping.java : 543] Mapped "{[/roaddevice/list]}" onto public java.lang.Object com.chdedu.mariframe.modular.manage.controller.RoaddeviceController.list(java.lang.Integer,java.lang.Integer,java.lang.Integer,java.lang.Integer)
2018-04-18 14:28:36,917 [INFO] [main] o.s.w.s.mvc.method.annotation.RequestMappingHandlerMapping [AbstractHandlerMethodMapping.java : 543] Mapped "{[/roaddevice/roaddevice_add]}" onto public java.lang.String com.chdedu.mariframe.modular.manage.controller.RoaddeviceController.roaddeviceAdd()
2018-04-18 14:28:36,917 [INFO] [main] o.s.w.s.mvc.method.annotation.RequestMappingHandlerMapping [AbstractHandlerMethodMapping.java : 543] Mapped "{[/roaddevice/roaddevice_update/{roaddeviceId}]}" onto public java.lang.String com.chdedu.mariframe.modular.manage.controller.RoaddeviceController.roaddeviceUpdate(java.lang.Integer,org.springframework.ui.Model)
2018-04-18 14:28:36,918 [INFO] [main] o.s.w.s.mvc.method.annotation.RequestMappingHandlerMapping [AbstractHandlerMethodMapping.java : 543] Mapped "{[/roaddevice/detail]}" onto public java.lang.Object com.chdedu.mariframe.modular.manage.controller.RoaddeviceController.detail()
2018-04-18 14:28:36,919 [INFO] [main] o.s.w.s.mvc.method.annotation.RequestMappingHandlerMapping [AbstractHandlerMethodMapping.java : 543] Mapped "{[/specialproject]}" onto public java.lang.String com.chdedu.mariframe.modular.manage.controller.SpecialprojectController.index()
2018-04-18 14:28:36,919 [INFO] [main] o.s.w.s.mvc.method.annotation.RequestMappingHandlerMapping [AbstractHandlerMethodMapping.java : 543] Mapped "{[/specialproject/add]}" onto public java.lang.Object com.chdedu.mariframe.modular.manage.controller.SpecialprojectController.add(com.chdedu.mariframe.common.persistence.model.Specialproject)
2018-04-18 14:28:36,920 [INFO] [main] o.s.w.s.mvc.method.annotation.RequestMappingHandlerMapping [AbstractHandlerMethodMapping.java : 543] Mapped "{[/specialproject/update]}" onto public java.lang.Object com.chdedu.mariframe.modular.manage.controller.SpecialprojectController.update(com.chdedu.mariframe.common.persistence.model.Specialproject)
2018-04-18 14:28:36,920 [INFO] [main] o.s.w.s.mvc.method.annotation.RequestMappingHandlerMapping [AbstractHandlerMethodMapping.java : 543] Mapped "{[/specialproject/delete]}" onto public java.lang.Object com.chdedu.mariframe.modular.manage.controller.SpecialprojectController.delete(java.lang.Integer)
2018-04-18 14:28:36,920 [INFO] [main] o.s.w.s.mvc.method.annotation.RequestMappingHandlerMapping [AbstractHandlerMethodMapping.java : 543] Mapped "{[/specialproject/list]}" onto public java.lang.Object com.chdedu.mariframe.modular.manage.controller.SpecialprojectController.list(java.lang.Integer,java.lang.Integer)
2018-04-18 14:28:36,921 [INFO] [main] o.s.w.s.mvc.method.annotation.RequestMappingHandlerMapping [AbstractHandlerMethodMapping.java : 543] Mapped "{[/specialproject/specialproject_update/{specialprojectId}]}" onto public java.lang.String com.chdedu.mariframe.modular.manage.controller.SpecialprojectController.specialprojectUpdate(java.lang.Integer,org.springframework.ui.Model)
2018-04-18 14:28:36,921 [INFO] [main] o.s.w.s.mvc.method.annotation.RequestMappingHandlerMapping [AbstractHandlerMethodMapping.java : 543] Mapped "{[/specialproject/specialproject_add]}" onto public java.lang.String com.chdedu.mariframe.modular.manage.controller.SpecialprojectController.specialprojectAdd()
2018-04-18 14:28:36,921 [INFO] [main] o.s.w.s.mvc.method.annotation.RequestMappingHandlerMapping [AbstractHandlerMethodMapping.java : 543] Mapped "{[/specialproject/detail]}" onto public java.lang.Object com.chdedu.mariframe.modular.manage.controller.SpecialprojectController.detail()
2018-04-18 14:28:36,922 [INFO] [main] o.s.w.s.mvc.method.annotation.RequestMappingHandlerMapping [AbstractHandlerMethodMapping.java : 543] Mapped "{[/getClassSubClassTree]}" onto public java.util.List<com.chdedu.mariframe.modular.normal.Enitiy.ZTreeNodeString> com.chdedu.mariframe.modular.normal.TreesController.getClassSubClassTree()
2018-04-18 14:28:36,922 [INFO] [main] o.s.w.s.mvc.method.annotation.RequestMappingHandlerMapping [AbstractHandlerMethodMapping.java : 543] Mapped "{[/getCompanyRoadTree]}" onto public java.util.List<com.chdedu.mariframe.modular.normal.Enitiy.ZTreeNodeString> com.chdedu.mariframe.modular.normal.TreesController.getCompanyRoadTree()
2018-04-18 14:28:36,923 [INFO] [main] o.s.w.s.mvc.method.annotation.RequestMappingHandlerMapping [AbstractHandlerMethodMapping.java : 543] Mapped "{[/audit]}" onto public java.lang.String com.chdedu.mariframe.modular.show.controller.AuditController.index()
2018-04-18 14:28:36,924 [INFO] [main] o.s.w.s.mvc.method.annotation.RequestMappingHandlerMapping [AbstractHandlerMethodMapping.java : 543] Mapped "{[/audit/add]}" onto public java.lang.Object com.chdedu.mariframe.modular.show.controller.AuditController.add()
2018-04-18 14:28:36,924 [INFO] [main] o.s.w.s.mvc.method.annotation.RequestMappingHandlerMapping [AbstractHandlerMethodMapping.java : 543] Mapped "{[/audit/update]}" onto public java.lang.Object com.chdedu.mariframe.modular.show.controller.AuditController.update()
2018-04-18 14:28:36,924 [INFO] [main] o.s.w.s.mvc.method.annotation.RequestMappingHandlerMapping [AbstractHandlerMethodMapping.java : 543] Mapped "{[/audit/delete]}" onto public java.lang.Object com.chdedu.mariframe.modular.show.controller.AuditController.delete()
2018-04-18 14:28:36,925 [INFO] [main] o.s.w.s.mvc.method.annotation.RequestMappingHandlerMapping [AbstractHandlerMethodMapping.java : 543] Mapped "{[/audit/list]}" onto public java.lang.Object com.chdedu.mariframe.modular.show.controller.AuditController.list(java.lang.String)
2018-04-18 14:28:36,925 [INFO] [main] o.s.w.s.mvc.method.annotation.RequestMappingHandlerMapping [AbstractHandlerMethodMapping.java : 543] Mapped "{[/audit/reset]}" onto public java.lang.Object com.chdedu.mariframe.modular.show.controller.AuditController.reset()
2018-04-18 14:28:36,925 [INFO] [main] o.s.w.s.mvc.method.annotation.RequestMappingHandlerMapping [AbstractHandlerMethodMapping.java : 543] Mapped "{[/audit/submit]}" onto public java.lang.Object com.chdedu.mariframe.modular.show.controller.AuditController.submit()
2018-04-18 14:28:36,926 [INFO] [main] o.s.w.s.mvc.method.annotation.RequestMappingHandlerMapping [AbstractHandlerMethodMapping.java : 543] Mapped "{[/audit/audit_add]}" onto public java.lang.String com.chdedu.mariframe.modular.show.controller.AuditController.auditAdd()
2018-04-18 14:28:36,926 [INFO] [main] o.s.w.s.mvc.method.annotation.RequestMappingHandlerMapping [AbstractHandlerMethodMapping.java : 543] Mapped "{[/audit/audit_update/{auditId}]}" onto public java.lang.String com.chdedu.mariframe.modular.show.controller.AuditController.auditUpdate(java.lang.Integer,org.springframework.ui.Model)
2018-04-18 14:28:36,926 [INFO] [main] o.s.w.s.mvc.method.annotation.RequestMappingHandlerMapping [AbstractHandlerMethodMapping.java : 543] Mapped "{[/audit/unaudit]}" onto public java.lang.Object com.chdedu.mariframe.modular.show.controller.AuditController.unaudit(java.lang.Integer)
2018-04-18 14:28:36,926 [INFO] [main] o.s.w.s.mvc.method.annotation.RequestMappingHandlerMapping [AbstractHandlerMethodMapping.java : 543] Mapped "{[/audit/audit]}" onto public java.lang.Object com.chdedu.mariframe.modular.show.controller.AuditController.audit(java.lang.Integer)
2018-04-18 14:28:36,927 [INFO] [main] o.s.w.s.mvc.method.annotation.RequestMappingHandlerMapping [AbstractHandlerMethodMapping.java : 543] Mapped "{[/audit/detail]}" onto public java.lang.Object com.chdedu.mariframe.modular.show.controller.AuditController.detail()
2018-04-18 14:28:36,928 [INFO] [main] o.s.w.s.mvc.method.annotation.RequestMappingHandlerMapping [AbstractHandlerMethodMapping.java : 543] Mapped "{[/showRepairsSummed]}" onto public java.lang.String com.chdedu.mariframe.modular.show.controller.ShowRepairsSummedController.index()
2018-04-18 14:28:36,928 [INFO] [main] o.s.w.s.mvc.method.annotation.RequestMappingHandlerMapping [AbstractHandlerMethodMapping.java : 543] Mapped "{[/showRepairsSummed/add]}" onto public java.lang.Object com.chdedu.mariframe.modular.show.controller.ShowRepairsSummedController.add()
2018-04-18 14:28:36,928 [INFO] [main] o.s.w.s.mvc.method.annotation.RequestMappingHandlerMapping [AbstractHandlerMethodMapping.java : 543] Mapped "{[/showRepairsSummed/update]}" onto public java.lang.Object com.chdedu.mariframe.modular.show.controller.ShowRepairsSummedController.update()
2018-04-18 14:28:36,929 [INFO] [main] o.s.w.s.mvc.method.annotation.RequestMappingHandlerMapping [AbstractHandlerMethodMapping.java : 543] Mapped "{[/showRepairsSummed/delete]}" onto public java.lang.Object com.chdedu.mariframe.modular.show.controller.ShowRepairsSummedController.delete()
2018-04-18 14:28:36,929 [INFO] [main] o.s.w.s.mvc.method.annotation.RequestMappingHandlerMapping [AbstractHandlerMethodMapping.java : 543] Mapped "{[/showRepairsSummed/list]}" onto public java.lang.Object com.chdedu.mariframe.modular.show.controller.ShowRepairsSummedController.list(java.lang.Integer,java.lang.Integer)
2018-04-18 14:28:36,929 [INFO] [main] o.s.w.s.mvc.method.annotation.RequestMappingHandlerMapping [AbstractHandlerMethodMapping.java : 543] Mapped "{[/showRepairsSummed/download]}" onto public void com.chdedu.mariframe.modular.show.controller.ShowRepairsSummedController.downloads(java.lang.Integer,java.lang.Integer,javax.servlet.http.HttpServletResponse)
2018-04-18 14:28:36,930 [INFO] [main] o.s.w.s.mvc.method.annotation.RequestMappingHandlerMapping [AbstractHandlerMethodMapping.java : 543] Mapped "{[/showRepairsSummed/showRepairsSummed_update/{showRepairsSummedId}]}" onto public java.lang.String com.chdedu.mariframe.modular.show.controller.ShowRepairsSummedController.showRepairsSummedUpdate(java.lang.Integer,org.springframework.ui.Model)
2018-04-18 14:28:36,930 [INFO] [main] o.s.w.s.mvc.method.annotation.RequestMappingHandlerMapping [AbstractHandlerMethodMapping.java : 543] Mapped "{[/showRepairsSummed/showRepairsSummed_add]}" onto public java.lang.String com.chdedu.mariframe.modular.show.controller.ShowRepairsSummedController.showRepairsSummedAdd()
2018-04-18 14:28:36,930 [INFO] [main] o.s.w.s.mvc.method.annotation.RequestMappingHandlerMapping [AbstractHandlerMethodMapping.java : 543] Mapped "{[/showRepairsSummed/detail]}" onto public java.lang.Object com.chdedu.mariframe.modular.show.controller.ShowRepairsSummedController.detail()
2018-04-18 14:28:36,931 [INFO] [main] o.s.w.s.mvc.method.annotation.RequestMappingHandlerMapping [AbstractHandlerMethodMapping.java : 543] Mapped "{[/vAll]}" onto public java.lang.String com.chdedu.mariframe.modular.show.controller.VAllController.index()
2018-04-18 14:28:36,932 [INFO] [main] o.s.w.s.mvc.method.annotation.RequestMappingHandlerMapping [AbstractHandlerMethodMapping.java : 543] Mapped "{[/vAll/add]}" onto public java.lang.Object com.chdedu.mariframe.modular.show.controller.VAllController.add()
2018-04-18 14:28:36,932 [INFO] [main] o.s.w.s.mvc.method.annotation.RequestMappingHandlerMapping [AbstractHandlerMethodMapping.java : 543] Mapped "{[/vAll/update]}" onto public java.lang.Object com.chdedu.mariframe.modular.show.controller.VAllController.update()
2018-04-18 14:28:36,932 [INFO] [main] o.s.w.s.mvc.method.annotation.RequestMappingHandlerMapping [AbstractHandlerMethodMapping.java : 543] Mapped "{[/vAll/delete]}" onto public java.lang.Object com.chdedu.mariframe.modular.show.controller.VAllController.delete()
2018-04-18 14:28:36,932 [INFO] [main] o.s.w.s.mvc.method.annotation.RequestMappingHandlerMapping [AbstractHandlerMethodMapping.java : 543] Mapped "{[/vAll/list]}" onto public java.lang.Object com.chdedu.mariframe.modular.show.controller.VAllController.list(java.lang.Integer,java.lang.Integer)
2018-04-18 14:28:36,933 [INFO] [main] o.s.w.s.mvc.method.annotation.RequestMappingHandlerMapping [AbstractHandlerMethodMapping.java : 543] Mapped "{[/vAll/vAll_update/{vAllId}]}" onto public java.lang.String com.chdedu.mariframe.modular.show.controller.VAllController.vAllUpdate(java.lang.Integer,org.springframework.ui.Model)
2018-04-18 14:28:36,933 [INFO] [main] o.s.w.s.mvc.method.annotation.RequestMappingHandlerMapping [AbstractHandlerMethodMapping.java : 543] Mapped "{[/vAll/download]}" onto public java.lang.Object com.chdedu.mariframe.modular.show.controller.VAllController.downloadFile(javax.servlet.http.HttpServletResponse,java.lang.Integer,java.lang.Integer)
2018-04-18 14:28:36,933 [INFO] [main] o.s.w.s.mvc.method.annotation.RequestMappingHandlerMapping [AbstractHandlerMethodMapping.java : 543] Mapped "{[/vAll/vAll_add]}" onto public java.lang.String com.chdedu.mariframe.modular.show.controller.VAllController.vAllAdd()
2018-04-18 14:28:36,934 [INFO] [main] o.s.w.s.mvc.method.annotation.RequestMappingHandlerMapping [AbstractHandlerMethodMapping.java : 543] Mapped "{[/vAll/detail]}" onto public java.lang.Object com.chdedu.mariframe.modular.show.controller.VAllController.detail()
2018-04-18 14:28:36,935 [INFO] [main] o.s.w.s.mvc.method.annotation.RequestMappingHandlerMapping [AbstractHandlerMethodMapping.java : 543] Mapped "{[/vCostClassify]}" onto public java.lang.String com.chdedu.mariframe.modular.show.controller.VCostClassifyController.index()
2018-04-18 14:28:36,935 [INFO] [main] o.s.w.s.mvc.method.annotation.RequestMappingHandlerMapping [AbstractHandlerMethodMapping.java : 543] Mapped "{[/vCostClassify/add]}" onto public java.lang.Object com.chdedu.mariframe.modular.show.controller.VCostClassifyController.add()
2018-04-18 14:28:36,936 [INFO] [main] o.s.w.s.mvc.method.annotation.RequestMappingHandlerMapping [AbstractHandlerMethodMapping.java : 543] Mapped "{[/vCostClassify/update]}" onto public java.lang.Object com.chdedu.mariframe.modular.show.controller.VCostClassifyController.update()
2018-04-18 14:28:36,936 [INFO] [main] o.s.w.s.mvc.method.annotation.RequestMappingHandlerMapping [AbstractHandlerMethodMapping.java : 543] Mapped "{[/vCostClassify/delete]}" onto public java.lang.Object com.chdedu.mariframe.modular.show.controller.VCostClassifyController.delete()
2018-04-18 14:28:36,936 [INFO] [main] o.s.w.s.mvc.method.annotation.RequestMappingHandlerMapping [AbstractHandlerMethodMapping.java : 543] Mapped "{[/vCostClassify/list]}" onto public java.lang.Object com.chdedu.mariframe.modular.show.controller.VCostClassifyController.list(java.lang.Integer,java.lang.Integer)
2018-04-18 14:28:36,937 [INFO] [main] o.s.w.s.mvc.method.annotation.RequestMappingHandlerMapping [AbstractHandlerMethodMapping.java : 543] Mapped "{[/vCostClassify/download]}" onto public void com.chdedu.mariframe.modular.show.controller.VCostClassifyController.downloadFile(javax.servlet.http.HttpServletResponse,java.lang.Integer,java.lang.Integer)
2018-04-18 14:28:36,937 [INFO] [main] o.s.w.s.mvc.method.annotation.RequestMappingHandlerMapping [AbstractHandlerMethodMapping.java : 543] Mapped "{[/vCostClassify/vCostClassify_add]}" onto public java.lang.String com.chdedu.mariframe.modular.show.controller.VCostClassifyController.vCostClassifyAdd()
2018-04-18 14:28:36,937 [INFO] [main] o.s.w.s.mvc.method.annotation.RequestMappingHandlerMapping [AbstractHandlerMethodMapping.java : 543] Mapped "{[/vCostClassify/vCostClassify_update/{vCostClassifyId}]}" onto public java.lang.String com.chdedu.mariframe.modular.show.controller.VCostClassifyController.vCostClassifyUpdate(java.lang.Integer,org.springframework.ui.Model)
2018-04-18 14:28:36,938 [INFO] [main] o.s.w.s.mvc.method.annotation.RequestMappingHandlerMapping [AbstractHandlerMethodMapping.java : 543] Mapped "{[/vCostClassify/detail]}" onto public java.lang.Object com.chdedu.mariframe.modular.show.controller.VCostClassifyController.detail()
2018-04-18 14:28:36,939 [INFO] [main] o.s.w.s.mvc.method.annotation.RequestMappingHandlerMapping [AbstractHandlerMethodMapping.java : 543] Mapped "{[/vCostsumUnitprice]}" onto public java.lang.String com.chdedu.mariframe.modular.show.controller.VCostsumUnitpriceController.index()
2018-04-18 14:28:36,939 [INFO] [main] o.s.w.s.mvc.method.annotation.RequestMappingHandlerMapping [AbstractHandlerMethodMapping.java : 543] Mapped "{[/vCostsumUnitprice/add]}" onto public java.lang.Object com.chdedu.mariframe.modular.show.controller.VCostsumUnitpriceController.add()
2018-04-18 14:28:36,939 [INFO] [main] o.s.w.s.mvc.method.annotation.RequestMappingHandlerMapping [AbstractHandlerMethodMapping.java : 543] Mapped "{[/vCostsumUnitprice/update]}" onto public java.lang.Object com.chdedu.mariframe.modular.show.controller.VCostsumUnitpriceController.update()
2018-04-18 14:28:36,940 [INFO] [main] o.s.w.s.mvc.method.annotation.RequestMappingHandlerMapping [AbstractHandlerMethodMapping.java : 543] Mapped "{[/vCostsumUnitprice/delete]}" onto public java.lang.Object com.chdedu.mariframe.modular.show.controller.VCostsumUnitpriceController.delete()
2018-04-18 14:28:36,940 [INFO] [main] o.s.w.s.mvc.method.annotation.RequestMappingHandlerMapping [AbstractHandlerMethodMapping.java : 543] Mapped "{[/vCostsumUnitprice/list]}" onto public java.lang.Object com.chdedu.mariframe.modular.show.controller.VCostsumUnitpriceController.list(java.lang.Integer,java.lang.Integer)
2018-04-18 14:28:36,940 [INFO] [main] o.s.w.s.mvc.method.annotation.RequestMappingHandlerMapping [AbstractHandlerMethodMapping.java : 543] Mapped "{[/vCostsumUnitprice/download]}" onto public void com.chdedu.mariframe.modular.show.controller.VCostsumUnitpriceController.downloadFile(javax.servlet.http.HttpServletResponse,java.lang.Integer,java.lang.Integer)
2018-04-18 14:28:36,941 [INFO] [main] o.s.w.s.mvc.method.annotation.RequestMappingHandlerMapping [AbstractHandlerMethodMapping.java : 543] Mapped "{[/vCostsumUnitprice/vCostsumUnitprice_add]}" onto public java.lang.String com.chdedu.mariframe.modular.show.controller.VCostsumUnitpriceController.vCostsumUnitpriceAdd()
2018-04-18 14:28:36,941 [INFO] [main] o.s.w.s.mvc.method.annotation.RequestMappingHandlerMapping [AbstractHandlerMethodMapping.java : 543] Mapped "{[/vCostsumUnitprice/vCostsumUnitprice_update/{vCostsumUnitpriceId}]}" onto public java.lang.String com.chdedu.mariframe.modular.show.controller.VCostsumUnitpriceController.vCostsumUnitpriceUpdate(java.lang.Integer,org.springframework.ui.Model)
2018-04-18 14:28:36,941 [INFO] [main] o.s.w.s.mvc.method.annotation.RequestMappingHandlerMapping [AbstractHandlerMethodMapping.java : 543] Mapped "{[/vCostsumUnitprice/detail]}" onto public java.lang.Object com.chdedu.mariframe.modular.show.controller.VCostsumUnitpriceController.detail()
2018-04-18 14:28:36,943 [INFO] [main] o.s.w.s.mvc.method.annotation.RequestMappingHandlerMapping [AbstractHandlerMethodMapping.java : 543] Mapped "{[/vPreparedeviceSummed]}" onto public java.lang.String com.chdedu.mariframe.modular.show.controller.VPreparedeviceSummedController.index()
2018-04-18 14:28:36,943 [INFO] [main] o.s.w.s.mvc.method.annotation.RequestMappingHandlerMapping [AbstractHandlerMethodMapping.java : 543] Mapped "{[/vPreparedeviceSummed/add]}" onto public java.lang.Object com.chdedu.mariframe.modular.show.controller.VPreparedeviceSummedController.add()
2018-04-18 14:28:36,944 [INFO] [main] o.s.w.s.mvc.method.annotation.RequestMappingHandlerMapping [AbstractHandlerMethodMapping.java : 543] Mapped "{[/vPreparedeviceSummed/update]}" onto public java.lang.Object com.chdedu.mariframe.modular.show.controller.VPreparedeviceSummedController.update()
2018-04-18 14:28:36,944 [INFO] [main] o.s.w.s.mvc.method.annotation.RequestMappingHandlerMapping [AbstractHandlerMethodMapping.java : 543] Mapped "{[/vPreparedeviceSummed/delete]}" onto public java.lang.Object com.chdedu.mariframe.modular.show.controller.VPreparedeviceSummedController.delete()
2018-04-18 14:28:36,944 [INFO] [main] o.s.w.s.mvc.method.annotation.RequestMappingHandlerMapping [AbstractHandlerMethodMapping.java : 543] Mapped "{[/vPreparedeviceSummed/list]}" onto public java.lang.Object com.chdedu.mariframe.modular.show.controller.VPreparedeviceSummedController.list(java.lang.Integer,java.lang.Integer)
2018-04-18 14:28:36,944 [INFO] [main] o.s.w.s.mvc.method.annotation.RequestMappingHandlerMapping [AbstractHandlerMethodMapping.java : 543] Mapped "{[/vPreparedeviceSummed/vPreparedeviceSummed_add]}" onto public java.lang.String com.chdedu.mariframe.modular.show.controller.VPreparedeviceSummedController.vPreparedeviceSummedAdd()
2018-04-18 14:28:36,945 [INFO] [main] o.s.w.s.mvc.method.annotation.RequestMappingHandlerMapping [AbstractHandlerMethodMapping.java : 543] Mapped "{[/vPreparedeviceSummed/vPreparedeviceSummed_update/{vPreparedeviceSummedId}]}" onto public java.lang.String com.chdedu.mariframe.modular.show.controller.VPreparedeviceSummedController.vPreparedeviceSummedUpdate(java.lang.Integer,org.springframework.ui.Model)
2018-04-18 14:28:36,946 [INFO] [main] o.s.w.s.mvc.method.annotation.RequestMappingHandlerMapping [AbstractHandlerMethodMapping.java : 543] Mapped "{[/vPreparedeviceSummed/detail]}" onto public java.lang.Object com.chdedu.mariframe.modular.show.controller.VPreparedeviceSummedController.detail()
2018-04-18 14:28:36,948 [INFO] [main] o.s.w.s.mvc.method.annotation.RequestMappingHandlerMapping [AbstractHandlerMethodMapping.java : 543] Mapped "{[/vRoaddeviceCostfinal]}" onto public java.lang.String com.chdedu.mariframe.modular.show.controller.VRoaddeviceCostfinalController.index()
2018-04-18 14:28:36,948 [INFO] [main] o.s.w.s.mvc.method.annotation.RequestMappingHandlerMapping [AbstractHandlerMethodMapping.java : 543] Mapped "{[/vRoaddeviceCostfinal/add]}" onto public java.lang.Object com.chdedu.mariframe.modular.show.controller.VRoaddeviceCostfinalController.add()
2018-04-18 14:28:36,949 [INFO] [main] o.s.w.s.mvc.method.annotation.RequestMappingHandlerMapping [AbstractHandlerMethodMapping.java : 543] Mapped "{[/vRoaddeviceCostfinal/update]}" onto public java.lang.Object com.chdedu.mariframe.modular.show.controller.VRoaddeviceCostfinalController.update()
2018-04-18 14:28:36,949 [INFO] [main] o.s.w.s.mvc.method.annotation.RequestMappingHandlerMapping [AbstractHandlerMethodMapping.java : 543] Mapped "{[/vRoaddeviceCostfinal/delete]}" onto public java.lang.Object com.chdedu.mariframe.modular.show.controller.VRoaddeviceCostfinalController.delete()
2018-04-18 14:28:36,950 [INFO] [main] o.s.w.s.mvc.method.annotation.RequestMappingHandlerMapping [AbstractHandlerMethodMapping.java : 543] Mapped "{[/vRoaddeviceCostfinal/list]}" onto public java.lang.Object com.chdedu.mariframe.modular.show.controller.VRoaddeviceCostfinalController.list(java.lang.Integer,java.lang.Integer,java.lang.Integer,java.lang.Integer)
2018-04-18 14:28:36,950 [INFO] [main] o.s.w.s.mvc.method.annotation.RequestMappingHandlerMapping [AbstractHandlerMethodMapping.java : 543] Mapped "{[/vRoaddeviceCostfinal/download]}" onto public void com.chdedu.mariframe.modular.show.controller.VRoaddeviceCostfinalController.downloadFile(javax.servlet.http.HttpServletResponse,java.lang.Integer,java.lang.Integer,java.lang.Integer,java.lang.Integer)
2018-04-18 14:28:36,950 [INFO] [main] o.s.w.s.mvc.method.annotation.RequestMappingHandlerMapping [AbstractHandlerMethodMapping.java : 543] Mapped "{[/vRoaddeviceCostfinal/vRoaddeviceCostfinal_update/{vRoaddeviceCostfinalId}]}" onto public java.lang.String com.chdedu.mariframe.modular.show.controller.VRoaddeviceCostfinalController.vRoaddeviceCostfinalUpdate(java.lang.Integer,org.springframework.ui.Model)
2018-04-18 14:28:36,950 [INFO] [main] o.s.w.s.mvc.method.annotation.RequestMappingHandlerMapping [AbstractHandlerMethodMapping.java : 543] Mapped "{[/vRoaddeviceCostfinal/vRoaddeviceCostfinal_add]}" onto public java.lang.String com.chdedu.mariframe.modular.show.controller.VRoaddeviceCostfinalController.vRoaddeviceCostfinalAdd()
2018-04-18 14:28:36,951 [INFO] [main] o.s.w.s.mvc.method.annotation.RequestMappingHandlerMapping [AbstractHandlerMethodMapping.java : 543] Mapped "{[/vRoaddeviceCostfinal/detail]}" onto public java.lang.Object com.chdedu.mariframe.modular.show.controller.VRoaddeviceCostfinalController.detail()
2018-04-18 14:28:36,951 [INFO] [main] o.s.w.s.mvc.method.annotation.RequestMappingHandlerMapping [AbstractHandlerMethodMapping.java : 543] Mapped "{[/vRoaddevicePPSumCost]}" onto public java.lang.String com.chdedu.mariframe.modular.show.controller.VRoaddevicePPSumCostController.index()
2018-04-18 14:28:36,952 [INFO] [main] o.s.w.s.mvc.method.annotation.RequestMappingHandlerMapping [AbstractHandlerMethodMapping.java : 543] Mapped "{[/vRoaddevicePPSumCost/add]}" onto public java.lang.Object com.chdedu.mariframe.modular.show.controller.VRoaddevicePPSumCostController.add()
2018-04-18 14:28:36,952 [INFO] [main] o.s.w.s.mvc.method.annotation.RequestMappingHandlerMapping [AbstractHandlerMethodMapping.java : 543] Mapped "{[/vRoaddevicePPSumCost/update]}" onto public java.lang.Object com.chdedu.mariframe.modular.show.controller.VRoaddevicePPSumCostController.update()
2018-04-18 14:28:36,952 [INFO] [main] o.s.w.s.mvc.method.annotation.RequestMappingHandlerMapping [AbstractHandlerMethodMapping.java : 543] Mapped "{[/vRoaddevicePPSumCost/delete]}" onto public java.lang.Object com.chdedu.mariframe.modular.show.controller.VRoaddevicePPSumCostController.delete()
2018-04-18 14:28:36,952 [INFO] [main] o.s.w.s.mvc.method.annotation.RequestMappingHandlerMapping [AbstractHandlerMethodMapping.java : 543] Mapped "{[/vRoaddevicePPSumCost/list]}" onto public java.lang.Object com.chdedu.mariframe.modular.show.controller.VRoaddevicePPSumCostController.list(java.lang.Integer,java.lang.Integer)
2018-04-18 14:28:36,953 [INFO] [main] o.s.w.s.mvc.method.annotation.RequestMappingHandlerMapping [AbstractHandlerMethodMapping.java : 543] Mapped "{[/vRoaddevicePPSumCost/vRoaddevicePPSumCost_update/{vRoaddevicePPSumCostId}]}" onto public java.lang.String com.chdedu.mariframe.modular.show.controller.VRoaddevicePPSumCostController.vRoaddevicePPSumCostUpdate(java.lang.Integer,org.springframework.ui.Model)
2018-04-18 14:28:36,953 [INFO] [main] o.s.w.s.mvc.method.annotation.RequestMappingHandlerMapping [AbstractHandlerMethodMapping.java : 543] Mapped "{[/vRoaddevicePPSumCost/vRoaddevicePPSumCost_add]}" onto public java.lang.String com.chdedu.mariframe.modular.show.controller.VRoaddevicePPSumCostController.vRoaddevicePPSumCostAdd()
2018-04-18 14:28:36,953 [INFO] [main] o.s.w.s.mvc.method.annotation.RequestMappingHandlerMapping [AbstractHandlerMethodMapping.java : 543] Mapped "{[/vRoaddevicePPSumCost/detail]}" onto public java.lang.Object com.chdedu.mariframe.modular.show.controller.VRoaddevicePPSumCostController.detail()
2018-04-18 14:28:36,954 [INFO] [main] o.s.w.s.mvc.method.annotation.RequestMappingHandlerMapping [AbstractHandlerMethodMapping.java : 543] Mapped "{[/vSpecialprojectSummed]}" onto public java.lang.String com.chdedu.mariframe.modular.show.controller.VSpecialprojectSummedController.index()
2018-04-18 14:28:36,955 [INFO] [main] o.s.w.s.mvc.method.annotation.RequestMappingHandlerMapping [AbstractHandlerMethodMapping.java : 543] Mapped "{[/vSpecialprojectSummed/add]}" onto public java.lang.Object com.chdedu.mariframe.modular.show.controller.VSpecialprojectSummedController.add()
2018-04-18 14:28:36,955 [INFO] [main] o.s.w.s.mvc.method.annotation.RequestMappingHandlerMapping [AbstractHandlerMethodMapping.java : 543] Mapped "{[/vSpecialprojectSummed/update]}" onto public java.lang.Object com.chdedu.mariframe.modular.show.controller.VSpecialprojectSummedController.update()
2018-04-18 14:28:36,955 [INFO] [main] o.s.w.s.mvc.method.annotation.RequestMappingHandlerMapping [AbstractHandlerMethodMapping.java : 543] Mapped "{[/vSpecialprojectSummed/delete]}" onto public java.lang.Object com.chdedu.mariframe.modular.show.controller.VSpecialprojectSummedController.delete()
2018-04-18 14:28:36,956 [INFO] [main] o.s.w.s.mvc.method.annotation.RequestMappingHandlerMapping [AbstractHandlerMethodMapping.java : 543] Mapped "{[/vSpecialprojectSummed/list]}" onto public java.lang.Object com.chdedu.mariframe.modular.show.controller.VSpecialprojectSummedController.list(java.lang.Integer,java.lang.Integer)
2018-04-18 14:28:36,956 [INFO] [main] o.s.w.s.mvc.method.annotation.RequestMappingHandlerMapping [AbstractHandlerMethodMapping.java : 543] Mapped "{[/vSpecialprojectSummed/download]}" onto public void com.chdedu.mariframe.modular.show.controller.VSpecialprojectSummedController.downloads(java.lang.Integer,java.lang.Integer,javax.servlet.http.HttpServletResponse)
2018-04-18 14:28:36,956 [INFO] [main] o.s.w.s.mvc.method.annotation.RequestMappingHandlerMapping [AbstractHandlerMethodMapping.java : 543] Mapped "{[/vSpecialprojectSummed/vSpecialprojectSummed_add]}" onto public java.lang.String com.chdedu.mariframe.modular.show.controller.VSpecialprojectSummedController.vSpecialprojectSummedAdd()
2018-04-18 14:28:36,956 [INFO] [main] o.s.w.s.mvc.method.annotation.RequestMappingHandlerMapping [AbstractHandlerMethodMapping.java : 543] Mapped "{[/vSpecialprojectSummed/vSpecialprojectSummed_update/{vSpecialprojectSummedId}]}" onto public java.lang.String com.chdedu.mariframe.modular.show.controller.VSpecialprojectSummedController.vSpecialprojectSummedUpdate(java.lang.Integer,org.springframework.ui.Model)
2018-04-18 14:28:36,957 [INFO] [main] o.s.w.s.mvc.method.annotation.RequestMappingHandlerMapping [AbstractHandlerMethodMapping.java : 543] Mapped "{[/vSpecialprojectSummed/detail]}" onto public java.lang.Object com.chdedu.mariframe.modular.show.controller.VSpecialprojectSummedController.detail()
2018-04-18 14:28:36,957 [INFO] [main] o.s.w.s.mvc.method.annotation.RequestMappingHandlerMapping [AbstractHandlerMethodMapping.java : 543] Mapped "{[/blackboard]}" onto public java.lang.String com.chdedu.mariframe.modular.system.controller.BlackboardController.blackboard(org.springframework.ui.Model)
2018-04-18 14:28:36,958 [INFO] [main] o.s.w.s.mvc.method.annotation.RequestMappingHandlerMapping [AbstractHandlerMethodMapping.java : 543] Mapped "{[/code]}" onto public java.lang.String com.chdedu.mariframe.modular.system.controller.CodeController.index()
2018-04-18 14:28:36,958 [INFO] [main] o.s.w.s.mvc.method.annotation.RequestMappingHandlerMapping [AbstractHandlerMethodMapping.java : 543] Mapped "{[/code/generate],methods=[POST]}" onto public java.lang.Object com.chdedu.mariframe.modular.system.controller.CodeController.add(java.lang.String,java.lang.String,java.lang.String,java.lang.String)
2018-04-18 14:28:36,959 [INFO] [main] o.s.w.s.mvc.method.annotation.RequestMappingHandlerMapping [AbstractHandlerMethodMapping.java : 543] Mapped "{[/dept]}" onto public java.lang.String com.chdedu.mariframe.modular.system.controller.DeptController.index()
2018-04-18 14:28:36,959 [INFO] [main] o.s.w.s.mvc.method.annotation.RequestMappingHandlerMapping [AbstractHandlerMethodMapping.java : 543] Mapped "{[/dept/add]}" onto public java.lang.Object com.chdedu.mariframe.modular.system.controller.DeptController.add(com.chdedu.mariframe.common.persistence.model.Dept)
2018-04-18 14:28:36,960 [INFO] [main] o.s.w.s.mvc.method.annotation.RequestMappingHandlerMapping [AbstractHandlerMethodMapping.java : 543] Mapped "{[/dept/update]}" onto public java.lang.Object com.chdedu.mariframe.modular.system.controller.DeptController.update(com.chdedu.mariframe.common.persistence.model.Dept)
2018-04-18 14:28:36,960 [INFO] [main] o.s.w.s.mvc.method.annotation.RequestMappingHandlerMapping [AbstractHandlerMethodMapping.java : 543] Mapped "{[/dept/delete]}" onto public java.lang.Object com.chdedu.mariframe.modular.system.controller.DeptController.delete(java.lang.Integer)
2018-04-18 14:28:36,960 [INFO] [main] o.s.w.s.mvc.method.annotation.RequestMappingHandlerMapping [AbstractHandlerMethodMapping.java : 543] Mapped "{[/dept/list]}" onto public java.lang.Object com.chdedu.mariframe.modular.system.controller.DeptController.list(java.lang.String)
2018-04-18 14:28:36,961 [INFO] [main] o.s.w.s.mvc.method.annotation.RequestMappingHandlerMapping [AbstractHandlerMethodMapping.java : 543] Mapped "{[/dept/tree]}" onto public java.util.List<com.chdedu.mariframe.core.node.ZTreeNode> com.chdedu.mariframe.modular.system.controller.DeptController.tree()
2018-04-18 14:28:36,961 [INFO] [main] o.s.w.s.mvc.method.annotation.RequestMappingHandlerMapping [AbstractHandlerMethodMapping.java : 543] Mapped "{[/dept/dept_add]}" onto public java.lang.String com.chdedu.mariframe.modular.system.controller.DeptController.deptAdd()
2018-04-18 14:28:36,962 [INFO] [main] o.s.w.s.mvc.method.annotation.RequestMappingHandlerMapping [AbstractHandlerMethodMapping.java : 543] Mapped "{[/dept/dept_update/{deptId}]}" onto public java.lang.String com.chdedu.mariframe.modular.system.controller.DeptController.deptUpdate(java.lang.Integer,org.springframework.ui.Model)
2018-04-18 14:28:36,962 [INFO] [main] o.s.w.s.mvc.method.annotation.RequestMappingHandlerMapping [AbstractHandlerMethodMapping.java : 543] Mapped "{[/dept/detail/{deptId}]}" onto public java.lang.Object com.chdedu.mariframe.modular.system.controller.DeptController.detail(java.lang.Integer)
2018-04-18 14:28:36,963 [INFO] [main] o.s.w.s.mvc.method.annotation.RequestMappingHandlerMapping [AbstractHandlerMethodMapping.java : 543] Mapped "{[/dict]}" onto public java.lang.String com.chdedu.mariframe.modular.system.controller.DictController.index()
2018-04-18 14:28:36,963 [INFO] [main] o.s.w.s.mvc.method.annotation.RequestMappingHandlerMapping [AbstractHandlerMethodMapping.java : 543] Mapped "{[/dict/add]}" onto public java.lang.Object com.chdedu.mariframe.modular.system.controller.DictController.add(java.lang.String,java.lang.String)
2018-04-18 14:28:36,964 [INFO] [main] o.s.w.s.mvc.method.annotation.RequestMappingHandlerMapping [AbstractHandlerMethodMapping.java : 543] Mapped "{[/dict/update]}" onto public java.lang.Object com.chdedu.mariframe.modular.system.controller.DictController.update(java.lang.Integer,java.lang.String,java.lang.String)
2018-04-18 14:28:36,964 [INFO] [main] o.s.w.s.mvc.method.annotation.RequestMappingHandlerMapping [AbstractHandlerMethodMapping.java : 543] Mapped "{[/dict/delete]}" onto public java.lang.Object com.chdedu.mariframe.modular.system.controller.DictController.delete(java.lang.Integer)
2018-04-18 14:28:36,964 [INFO] [main] o.s.w.s.mvc.method.annotation.RequestMappingHandlerMapping [AbstractHandlerMethodMapping.java : 543] Mapped "{[/dict/list]}" onto public java.lang.Object com.chdedu.mariframe.modular.system.controller.DictController.list(java.lang.String)
2018-04-18 14:28:36,965 [INFO] [main] o.s.w.s.mvc.method.annotation.RequestMappingHandlerMapping [AbstractHandlerMethodMapping.java : 543] Mapped "{[/dict/dict_add]}" onto public java.lang.String com.chdedu.mariframe.modular.system.controller.DictController.deptAdd()
2018-04-18 14:28:36,965 [INFO] [main] o.s.w.s.mvc.method.annotation.RequestMappingHandlerMapping [AbstractHandlerMethodMapping.java : 543] Mapped "{[/dict/dict_edit/{dictId}]}" onto public java.lang.String com.chdedu.mariframe.modular.system.controller.DictController.deptUpdate(java.lang.Integer,org.springframework.ui.Model)
2018-04-18 14:28:36,965 [INFO] [main] o.s.w.s.mvc.method.annotation.RequestMappingHandlerMapping [AbstractHandlerMethodMapping.java : 543] Mapped "{[/dict/detail/{dictId}]}" onto public java.lang.Object com.chdedu.mariframe.modular.system.controller.DictController.detail(java.lang.Integer)
2018-04-18 14:28:36,966 [INFO] [main] o.s.w.s.mvc.method.annotation.RequestMappingHandlerMapping [AbstractHandlerMethodMapping.java : 543] Mapped "{[/kaptcha]}" onto public void com.chdedu.mariframe.modular.system.controller.KaptchaController.index(javax.servlet.http.HttpServletRequest,javax.servlet.http.HttpServletResponse)
2018-04-18 14:28:36,966 [INFO] [main] o.s.w.s.mvc.method.annotation.RequestMappingHandlerMapping [AbstractHandlerMethodMapping.java : 543] Mapped "{[/kaptcha/{pictureId}]}" onto public void com.chdedu.mariframe.modular.system.controller.KaptchaController.renderPicture(java.lang.String,javax.servlet.http.HttpServletResponse)
2018-04-18 14:28:36,967 [INFO] [main] o.s.w.s.mvc.method.annotation.RequestMappingHandlerMapping [AbstractHandlerMethodMapping.java : 543] Mapped "{[/log]}" onto public java.lang.String com.chdedu.mariframe.modular.system.controller.LogController.index()
2018-04-18 14:28:36,967 [INFO] [main] o.s.w.s.mvc.method.annotation.RequestMappingHandlerMapping [AbstractHandlerMethodMapping.java : 543] Mapped "{[/log/list]}" onto public java.lang.Object com.chdedu.mariframe.modular.system.controller.LogController.list(java.lang.String,java.lang.String,java.lang.String,java.lang.Integer)
2018-04-18 14:28:36,968 [INFO] [main] o.s.w.s.mvc.method.annotation.RequestMappingHandlerMapping [AbstractHandlerMethodMapping.java : 543] Mapped "{[/log/delLog]}" onto public java.lang.Object com.chdedu.mariframe.modular.system.controller.LogController.delLog()
2018-04-18 14:28:36,968 [INFO] [main] o.s.w.s.mvc.method.annotation.RequestMappingHandlerMapping [AbstractHandlerMethodMapping.java : 543] Mapped "{[/log/detail/{id}]}" onto public java.lang.Object com.chdedu.mariframe.modular.system.controller.LogController.detail(java.lang.Integer)
2018-04-18 14:28:36,968 [INFO] [main] o.s.w.s.mvc.method.annotation.RequestMappingHandlerMapping [AbstractHandlerMethodMapping.java : 543] Mapped "{[/],methods=[GET]}" onto public java.lang.String com.chdedu.mariframe.modular.system.controller.LoginController.index(org.springframework.ui.Model)
2018-04-18 14:28:36,969 [INFO] [main] o.s.w.s.mvc.method.annotation.RequestMappingHandlerMapping [AbstractHandlerMethodMapping.java : 543] Mapped "{[/login],methods=[GET]}" onto public java.lang.String com.chdedu.mariframe.modular.system.controller.LoginController.login()
2018-04-18 14:28:36,969 [INFO] [main] o.s.w.s.mvc.method.annotation.RequestMappingHandlerMapping [AbstractHandlerMethodMapping.java : 543] Mapped "{[/login],methods=[POST]}" onto public java.lang.String com.chdedu.mariframe.modular.system.controller.LoginController.loginVali()
2018-04-18 14:28:36,969 [INFO] [main] o.s.w.s.mvc.method.annotation.RequestMappingHandlerMapping [AbstractHandlerMethodMapping.java : 543] Mapped "{[/logout],methods=[GET]}" onto public java.lang.String com.chdedu.mariframe.modular.system.controller.LoginController.logOut()
2018-04-18 14:28:36,970 [INFO] [main] o.s.w.s.mvc.method.annotation.RequestMappingHandlerMapping [AbstractHandlerMethodMapping.java : 543] Mapped "{[/loginLog]}" onto public java.lang.String com.chdedu.mariframe.modular.system.controller.LoginLogController.index()
2018-04-18 14:28:36,970 [INFO] [main] o.s.w.s.mvc.method.annotation.RequestMappingHandlerMapping [AbstractHandlerMethodMapping.java : 543] Mapped "{[/loginLog/list]}" onto public java.lang.Object com.chdedu.mariframe.modular.system.controller.LoginLogController.list(java.lang.String,java.lang.String,java.lang.String)
2018-04-18 14:28:36,971 [INFO] [main] o.s.w.s.mvc.method.annotation.RequestMappingHandlerMapping [AbstractHandlerMethodMapping.java : 543] Mapped "{[/loginLog/delLoginLog]}" onto public java.lang.Object com.chdedu.mariframe.modular.system.controller.LoginLogController.delLog()
2018-04-18 14:28:36,972 [INFO] [main] o.s.w.s.mvc.method.annotation.RequestMappingHandlerMapping [AbstractHandlerMethodMapping.java : 543] Mapped "{[/menu]}" onto public java.lang.String com.chdedu.mariframe.modular.system.controller.MenuController.index()
2018-04-18 14:28:36,972 [INFO] [main] o.s.w.s.mvc.method.annotation.RequestMappingHandlerMapping [AbstractHandlerMethodMapping.java : 543] Mapped "{[/menu/add]}" onto public com.chdedu.mariframe.core.base.tips.Tip com.chdedu.mariframe.modular.system.controller.MenuController.add(com.chdedu.mariframe.common.persistence.model.Menu,org.springframework.validation.BindingResult)
2018-04-18 14:28:36,972 [INFO] [main] o.s.w.s.mvc.method.annotation.RequestMappingHandlerMapping [AbstractHandlerMethodMapping.java : 543] Mapped "{[/menu/remove]}" onto public com.chdedu.mariframe.core.base.tips.Tip com.chdedu.mariframe.modular.system.controller.MenuController.remove(java.lang.Integer)
2018-04-18 14:28:36,972 [INFO] [main] o.s.w.s.mvc.method.annotation.RequestMappingHandlerMapping [AbstractHandlerMethodMapping.java : 543] Mapped "{[/menu/list]}" onto public java.lang.Object com.chdedu.mariframe.modular.system.controller.MenuController.list(java.lang.String,java.lang.String)
2018-04-18 14:28:36,973 [INFO] [main] o.s.w.s.mvc.method.annotation.RequestMappingHandlerMapping [AbstractHandlerMethodMapping.java : 543] Mapped "{[/menu/menu_edit/{menuId}]}" onto public java.lang.String com.chdedu.mariframe.modular.system.controller.MenuController.menuEdit(java.lang.Integer,org.springframework.ui.Model)
2018-04-18 14:28:36,973 [INFO] [main] o.s.w.s.mvc.method.annotation.RequestMappingHandlerMapping [AbstractHandlerMethodMapping.java : 543] Mapped "{[/menu/menu_add]}" onto public java.lang.String com.chdedu.mariframe.modular.system.controller.MenuController.menuAdd()
2018-04-18 14:28:36,973 [INFO] [main] o.s.w.s.mvc.method.annotation.RequestMappingHandlerMapping [AbstractHandlerMethodMapping.java : 543] Mapped "{[/menu/menuTreeList]}" onto public java.util.List<com.chdedu.mariframe.core.node.ZTreeNode> com.chdedu.mariframe.modular.system.controller.MenuController.menuTreeList()
2018-04-18 14:28:36,974 [INFO] [main] o.s.w.s.mvc.method.annotation.RequestMappingHandlerMapping [AbstractHandlerMethodMapping.java : 543] Mapped "{[/menu/edit]}" onto public com.chdedu.mariframe.core.base.tips.Tip com.chdedu.mariframe.modular.system.controller.MenuController.edit(com.chdedu.mariframe.common.persistence.model.Menu,org.springframework.validation.BindingResult)
2018-04-18 14:28:36,974 [INFO] [main] o.s.w.s.mvc.method.annotation.RequestMappingHandlerMapping [AbstractHandlerMethodMapping.java : 543] Mapped "{[/menu/selectMenuTreeList]}" onto public java.util.List<com.chdedu.mariframe.core.node.ZTreeNode> com.chdedu.mariframe.modular.system.controller.MenuController.selectMenuTreeList()
2018-04-18 14:28:36,974 [INFO] [main] o.s.w.s.mvc.method.annotation.RequestMappingHandlerMapping [AbstractHandlerMethodMapping.java : 543] Mapped "{[/menu/menuTreeListByRoleId/{roleId}]}" onto public java.util.List<com.chdedu.mariframe.core.node.ZTreeNode> com.chdedu.mariframe.modular.system.controller.MenuController.menuTreeListByRoleId(java.lang.Integer)
2018-04-18 14:28:36,975 [INFO] [main] o.s.w.s.mvc.method.annotation.RequestMappingHandlerMapping [AbstractHandlerMethodMapping.java : 543] Mapped "{[/menu/view/{menuId}]}" onto public com.chdedu.mariframe.core.base.tips.Tip com.chdedu.mariframe.modular.system.controller.MenuController.view(java.lang.Integer)
2018-04-18 14:28:36,975 [INFO] [main] o.s.w.s.mvc.method.annotation.RequestMappingHandlerMapping [AbstractHandlerMethodMapping.java : 543] Mapped "{[/notice]}" onto public java.lang.String com.chdedu.mariframe.modular.system.controller.NoticeController.index()
2018-04-18 14:28:36,976 [INFO] [main] o.s.w.s.mvc.method.annotation.RequestMappingHandlerMapping [AbstractHandlerMethodMapping.java : 543] Mapped "{[/notice/add]}" onto public java.lang.Object com.chdedu.mariframe.modular.system.controller.NoticeController.add(com.chdedu.mariframe.common.persistence.model.Notice)
2018-04-18 14:28:36,976 [INFO] [main] o.s.w.s.mvc.method.annotation.RequestMappingHandlerMapping [AbstractHandlerMethodMapping.java : 543] Mapped "{[/notice/update]}" onto public java.lang.Object com.chdedu.mariframe.modular.system.controller.NoticeController.update(com.chdedu.mariframe.common.persistence.model.Notice)
2018-04-18 14:28:36,976 [INFO] [main] o.s.w.s.mvc.method.annotation.RequestMappingHandlerMapping [AbstractHandlerMethodMapping.java : 543] Mapped "{[/notice/delete]}" onto public java.lang.Object com.chdedu.mariframe.modular.system.controller.NoticeController.delete(java.lang.Integer)
2018-04-18 14:28:36,976 [INFO] [main] o.s.w.s.mvc.method.annotation.RequestMappingHandlerMapping [AbstractHandlerMethodMapping.java : 543] Mapped "{[/notice/list]}" onto public java.lang.Object com.chdedu.mariframe.modular.system.controller.NoticeController.list(java.lang.String)
2018-04-18 14:28:36,977 [INFO] [main] o.s.w.s.mvc.method.annotation.RequestMappingHandlerMapping [AbstractHandlerMethodMapping.java : 543] Mapped "{[/notice/notice_add]}" onto public java.lang.String com.chdedu.mariframe.modular.system.controller.NoticeController.noticeAdd()
2018-04-18 14:28:36,977 [INFO] [main] o.s.w.s.mvc.method.annotation.RequestMappingHandlerMapping [AbstractHandlerMethodMapping.java : 543] Mapped "{[/notice/notice_update/{noticeId}]}" onto public java.lang.String com.chdedu.mariframe.modular.system.controller.NoticeController.noticeUpdate(java.lang.Integer,org.springframework.ui.Model)
2018-04-18 14:28:36,979 [INFO] [main] o.s.w.s.mvc.method.annotation.RequestMappingHandlerMapping [AbstractHandlerMethodMapping.java : 543] Mapped "{[/notice/hello]}" onto public java.lang.String com.chdedu.mariframe.modular.system.controller.NoticeController.hello()
2018-04-18 14:28:36,980 [INFO] [main] o.s.w.s.mvc.method.annotation.RequestMappingHandlerMapping [AbstractHandlerMethodMapping.java : 543] Mapped "{[/role]}" onto public java.lang.String com.chdedu.mariframe.modular.system.controller.RoleController.index()
2018-04-18 14:28:36,981 [INFO] [main] o.s.w.s.mvc.method.annotation.RequestMappingHandlerMapping [AbstractHandlerMethodMapping.java : 543] Mapped "{[/role/add]}" onto public com.chdedu.mariframe.core.base.tips.Tip com.chdedu.mariframe.modular.system.controller.RoleController.add(com.chdedu.mariframe.common.persistence.model.Role,org.springframework.validation.BindingResult)
2018-04-18 14:28:36,981 [INFO] [main] o.s.w.s.mvc.method.annotation.RequestMappingHandlerMapping [AbstractHandlerMethodMapping.java : 543] Mapped "{[/role/remove]}" onto public com.chdedu.mariframe.core.base.tips.Tip com.chdedu.mariframe.modular.system.controller.RoleController.remove(java.lang.Integer)
2018-04-18 14:28:36,982 [INFO] [main] o.s.w.s.mvc.method.annotation.RequestMappingHandlerMapping [AbstractHandlerMethodMapping.java : 543] Mapped "{[/role/list]}" onto public java.lang.Object com.chdedu.mariframe.modular.system.controller.RoleController.list(java.lang.String)
2018-04-18 14:28:36,982 [INFO] [main] o.s.w.s.mvc.method.annotation.RequestMappingHandlerMapping [AbstractHandlerMethodMapping.java : 543] Mapped "{[/role/roleTreeList]}" onto public java.util.List<com.chdedu.mariframe.core.node.ZTreeNode> com.chdedu.mariframe.modular.system.controller.RoleController.roleTreeList()
2018-04-18 14:28:36,982 [INFO] [main] o.s.w.s.mvc.method.annotation.RequestMappingHandlerMapping [AbstractHandlerMethodMapping.java : 543] Mapped "{[/role/edit]}" onto public com.chdedu.mariframe.core.base.tips.Tip com.chdedu.mariframe.modular.system.controller.RoleController.edit(com.chdedu.mariframe.common.persistence.model.Role,org.springframework.validation.BindingResult)
2018-04-18 14:28:36,983 [INFO] [main] o.s.w.s.mvc.method.annotation.RequestMappingHandlerMapping [AbstractHandlerMethodMapping.java : 543] Mapped "{[/role/role_edit/{roleId}]}" onto public java.lang.String com.chdedu.mariframe.modular.system.controller.RoleController.roleEdit(java.lang.Integer,org.springframework.ui.Model)
2018-04-18 14:28:36,983 [INFO] [main] o.s.w.s.mvc.method.annotation.RequestMappingHandlerMapping [AbstractHandlerMethodMapping.java : 543] Mapped "{[/role/role_add]}" onto public java.lang.String com.chdedu.mariframe.modular.system.controller.RoleController.roleAdd()
2018-04-18 14:28:36,983 [INFO] [main] o.s.w.s.mvc.method.annotation.RequestMappingHandlerMapping [AbstractHandlerMethodMapping.java : 543] Mapped "{[/role/setAuthority]}" onto public com.chdedu.mariframe.core.base.tips.Tip com.chdedu.mariframe.modular.system.controller.RoleController.setAuthority(java.lang.Integer,java.lang.String)
2018-04-18 14:28:36,983 [INFO] [main] o.s.w.s.mvc.method.annotation.RequestMappingHandlerMapping [AbstractHandlerMethodMapping.java : 543] Mapped "{[/role/role_assign/{roleId}]}" onto public java.lang.String com.chdedu.mariframe.modular.system.controller.RoleController.roleAssign(java.lang.Integer,org.springframework.ui.Model)
2018-04-18 14:28:36,984 [INFO] [main] o.s.w.s.mvc.method.annotation.RequestMappingHandlerMapping [AbstractHandlerMethodMapping.java : 543] Mapped "{[/role/roleTreeListByUserId/{userId}]}" onto public java.util.List<com.chdedu.mariframe.core.node.ZTreeNode> com.chdedu.mariframe.modular.system.controller.RoleController.roleTreeListByUserId(java.lang.Integer)
2018-04-18 14:28:36,984 [INFO] [main] o.s.w.s.mvc.method.annotation.RequestMappingHandlerMapping [AbstractHandlerMethodMapping.java : 543] Mapped "{[/role/view/{roleId}]}" onto public com.chdedu.mariframe.core.base.tips.Tip com.chdedu.mariframe.modular.system.controller.RoleController.view(java.lang.Integer)
2018-04-18 14:28:36,987 [INFO] [main] o.s.w.s.mvc.method.annotation.RequestMappingHandlerMapping [AbstractHandlerMethodMapping.java : 543] Mapped "{[/mgr]}" onto public java.lang.String com.chdedu.mariframe.modular.system.controller.UserMgrController.index()
2018-04-18 14:28:36,988 [INFO] [main] o.s.w.s.mvc.method.annotation.RequestMappingHandlerMapping [AbstractHandlerMethodMapping.java : 543] Mapped "{[/mgr/add]}" onto public com.chdedu.mariframe.core.base.tips.Tip com.chdedu.mariframe.modular.system.controller.UserMgrController.add(com.chdedu.mariframe.modular.system.transfer.UserDto,org.springframework.validation.BindingResult)
2018-04-18 14:28:36,988 [INFO] [main] o.s.w.s.mvc.method.annotation.RequestMappingHandlerMapping [AbstractHandlerMethodMapping.java : 543] Mapped "{[/mgr/delete]}" onto public com.chdedu.mariframe.core.base.tips.Tip com.chdedu.mariframe.modular.system.controller.UserMgrController.delete(java.lang.Integer)
2018-04-18 14:28:36,988 [INFO] [main] o.s.w.s.mvc.method.annotation.RequestMappingHandlerMapping [AbstractHandlerMethodMapping.java : 543] Mapped "{[/mgr/list]}" onto public java.lang.Object com.chdedu.mariframe.modular.system.controller.UserMgrController.list(java.lang.String,java.lang.String,java.lang.String,java.lang.Integer)
2018-04-18 14:28:36,988 [INFO] [main] o.s.w.s.mvc.method.annotation.RequestMappingHandlerMapping [AbstractHandlerMethodMapping.java : 543] Mapped "{[/mgr/reset]}" onto public com.chdedu.mariframe.core.base.tips.Tip com.chdedu.mariframe.modular.system.controller.UserMgrController.reset(java.lang.Integer)
2018-04-18 14:28:36,989 [INFO] [main] o.s.w.s.mvc.method.annotation.RequestMappingHandlerMapping [AbstractHandlerMethodMapping.java : 543] Mapped "{[/mgr/user_info]}" onto public java.lang.String com.chdedu.mariframe.modular.system.controller.UserMgrController.userInfo(org.springframework.ui.Model)
2018-04-18 14:28:36,989 [INFO] [main] o.s.w.s.mvc.method.annotation.RequestMappingHandlerMapping [AbstractHandlerMethodMapping.java : 543] Mapped "{[/mgr/setRole]}" onto public com.chdedu.mariframe.core.base.tips.Tip com.chdedu.mariframe.modular.system.controller.UserMgrController.setRole(java.lang.Integer,java.lang.String)
2018-04-18 14:28:36,989 [INFO] [main] o.s.w.s.mvc.method.annotation.RequestMappingHandlerMapping [AbstractHandlerMethodMapping.java : 543] Mapped "{[/mgr/edit]}" onto public com.chdedu.mariframe.core.base.tips.Tip com.chdedu.mariframe.modular.system.controller.UserMgrController.edit(com.chdedu.mariframe.modular.system.transfer.UserDto,org.springframework.validation.BindingResult) throws javax.naming.NoPermissionException
2018-04-18 14:28:36,989 [INFO] [main] o.s.w.s.mvc.method.annotation.RequestMappingHandlerMapping [AbstractHandlerMethodMapping.java : 543] Mapped "{[/mgr/user_add]}" onto public java.lang.String com.chdedu.mariframe.modular.system.controller.UserMgrController.addView()
2018-04-18 14:28:36,990 [INFO] [main] o.s.w.s.mvc.method.annotation.RequestMappingHandlerMapping [AbstractHandlerMethodMapping.java : 543] Mapped "{[/mgr/changePwd]}" onto public java.lang.Object com.chdedu.mariframe.modular.system.controller.UserMgrController.changePwd(java.lang.String,java.lang.String,java.lang.String)
2018-04-18 14:28:36,990 [INFO] [main] o.s.w.s.mvc.method.annotation.RequestMappingHandlerMapping [AbstractHandlerMethodMapping.java : 543] Mapped "{[/mgr/user_chpwd]}" onto public java.lang.String com.chdedu.mariframe.modular.system.controller.UserMgrController.chPwd()
2018-04-18 14:28:36,990 [INFO] [main] o.s.w.s.mvc.method.annotation.RequestMappingHandlerMapping [AbstractHandlerMethodMapping.java : 543] Mapped "{[/mgr/freeze]}" onto public com.chdedu.mariframe.core.base.tips.Tip com.chdedu.mariframe.modular.system.controller.UserMgrController.freeze(java.lang.Integer)
2018-04-18 14:28:36,990 [INFO] [main] o.s.w.s.mvc.method.annotation.RequestMappingHandlerMapping [AbstractHandlerMethodMapping.java : 543] Mapped "{[/mgr/unfreeze]}" onto public com.chdedu.mariframe.core.base.tips.Tip com.chdedu.mariframe.modular.system.controller.UserMgrController.unfreeze(java.lang.Integer)
2018-04-18 14:28:36,990 [INFO] [main] o.s.w.s.mvc.method.annotation.RequestMappingHandlerMapping [AbstractHandlerMethodMapping.java : 543] Mapped "{[/mgr/role_assign/{userId}]}" onto public java.lang.String com.chdedu.mariframe.modular.system.controller.UserMgrController.roleAssign(java.lang.Integer,org.springframework.ui.Model)
2018-04-18 14:28:36,991 [INFO] [main] o.s.w.s.mvc.method.annotation.RequestMappingHandlerMapping [AbstractHandlerMethodMapping.java : 543] Mapped "{[/mgr/upload],methods=[POST]}" onto public java.lang.String com.chdedu.mariframe.modular.system.controller.UserMgrController.upload(org.springframework.web.multipart.MultipartFile)
2018-04-18 14:28:36,991 [INFO] [main] o.s.w.s.mvc.method.annotation.RequestMappingHandlerMapping [AbstractHandlerMethodMapping.java : 543] Mapped "{[/mgr/user_edit/{userId}]}" onto public java.lang.String com.chdedu.mariframe.modular.system.controller.UserMgrController.userEdit(java.lang.Integer,org.springframework.ui.Model)
2018-04-18 14:28:36,992 [INFO] [main] o.s.w.s.mvc.method.annotation.RequestMappingHandlerMapping [AbstractHandlerMethodMapping.java : 543] Mapped "{[/mgr/view/{userId}]}" onto public com.chdedu.mariframe.common.persistence.model.User com.chdedu.mariframe.modular.system.controller.UserMgrController.view(java.lang.Integer)
2018-04-18 14:28:36,992 [INFO] [main] o.s.w.s.mvc.method.annotation.RequestMappingHandlerMapping [AbstractHandlerMethodMapping.java : 543] Mapped "{[/global/error]}" onto public java.lang.String com.chdedu.mariframe.core.base.controller.GlobalController.errorPage()
2018-04-18 14:28:36,992 [INFO] [main] o.s.w.s.mvc.method.annotation.RequestMappingHandlerMapping [AbstractHandlerMethodMapping.java : 543] Mapped "{[/global/sessionError]}" onto public java.lang.String com.chdedu.mariframe.core.base.controller.GlobalController.errorPageInfo(org.springframework.ui.Model)
2018-04-18 14:28:36,993 [INFO] [main] o.s.w.s.mvc.method.annotation.RequestMappingHandlerMapping [AbstractHandlerMethodMapping.java : 543] Mapped "{[/v2/api-docs],methods=[GET]}" onto public org.springframework.http.ResponseEntity<springfox.documentation.spring.web.json.Json> springfox.documentation.swagger2.web.Swagger2Controller.getDocumentation(java.lang.String)
2018-04-18 14:28:36,995 [INFO] [main] o.s.w.s.mvc.method.annotation.RequestMappingHandlerMapping [AbstractHandlerMethodMapping.java : 543] Mapped "{[/configuration/security]}" onto org.springframework.http.ResponseEntity<springfox.documentation.swagger.web.SecurityConfiguration> springfox.documentation.swagger.web.ApiResourceController.securityConfiguration()
2018-04-18 14:28:36,996 [INFO] [main] o.s.w.s.mvc.method.annotation.RequestMappingHandlerMapping [AbstractHandlerMethodMapping.java : 543] Mapped "{[/swagger-resources]}" onto org.springframework.http.ResponseEntity<java.util.List<springfox.documentation.swagger.web.SwaggerResource>> springfox.documentation.swagger.web.ApiResourceController.swaggerResources()
2018-04-18 14:28:36,996 [INFO] [main] o.s.w.s.mvc.method.annotation.RequestMappingHandlerMapping [AbstractHandlerMethodMapping.java : 543] Mapped "{[/configuration/ui]}" onto org.springframework.http.ResponseEntity<springfox.documentation.swagger.web.UiConfiguration> springfox.documentation.swagger.web.ApiResourceController.uiConfiguration()
2018-04-18 14:28:36,998 [INFO] [main] o.s.w.s.mvc.method.annotation.RequestMappingHandlerMapping [AbstractHandlerMethodMapping.java : 543] Mapped "{[/error]}" onto public org.springframework.http.ResponseEntity<java.util.Map<java.lang.String, java.lang.Object>> org.springframework.boot.autoconfigure.web.BasicErrorController.error(javax.servlet.http.HttpServletRequest)
2018-04-18 14:28:36,998 [INFO] [main] o.s.w.s.mvc.method.annotation.RequestMappingHandlerMapping [AbstractHandlerMethodMapping.java : 543] Mapped "{[/error],produces=[text/html]}" onto public org.springframework.web.servlet.ModelAndView org.springframework.boot.autoconfigure.web.BasicErrorController.errorHtml(javax.servlet.http.HttpServletRequest,javax.servlet.http.HttpServletResponse)
2018-04-18 14:28:38,754 [INFO] [main] o.s.w.s.mvc.method.annotation.RequestMappingHandlerAdapter [RequestMappingHandlerAdapter.java : 534] Looking for @ControllerAdvice: org.springframework.boot.context.embedded.AnnotationConfigEmbeddedWebApplicationContext@6e3c1e69: startup date [Wed Apr 18 14:28:24 CST 2018]; root of context hierarchy
2018-04-18 14:28:39,016 [INFO] [main] o.s.web.servlet.handler.SimpleUrlHandlerMapping [AbstractUrlHandlerMapping.java : 362] Mapped URL path [/swagger-ui.html] onto handler of type [class org.springframework.web.servlet.resource.ResourceHttpRequestHandler]
2018-04-18 14:28:39,016 [INFO] [main] o.s.web.servlet.handler.SimpleUrlHandlerMapping [AbstractUrlHandlerMapping.java : 362] Mapped URL path [/webjars/**] onto handler of type [class org.springframework.web.servlet.resource.ResourceHttpRequestHandler]
2018-04-18 14:28:39,017 [INFO] [main] o.s.web.servlet.handler.SimpleUrlHandlerMapping [AbstractUrlHandlerMapping.java : 362] Mapped URL path [/static/**] onto handler of type [class org.springframework.web.servlet.resource.ResourceHttpRequestHandler]
2018-04-18 14:28:39,052 [INFO] [main] o.s.w.s.m.m.annotation.ExceptionHandlerExceptionResolver [ExceptionHandlerExceptionResolver.java : 273] Detected @ExceptionHandler methods in globalExceptionHandler
2018-04-18 14:28:39,120 [INFO] [main] o.s.web.servlet.handler.SimpleUrlHandlerMapping [AbstractUrlHandlerMapping.java : 362] Mapped URL path [/**/favicon.ico] onto handler of type [class org.springframework.web.servlet.resource.ResourceHttpRequestHandler]
2018-04-18 14:28:40,598 [INFO] [main] o.s.jmx.export.annotation.AnnotationMBeanExporter [MBeanExporter.java : 431] Registering beans for JMX exposure on startup
2018-04-18 14:28:40,612 [INFO] [main] s.d.spring.web.plugins.DocumentationPluginsBootstrapper [DocumentationPluginsBootstrapper.java : 80] Context refreshed
2018-04-18 14:28:40,637 [INFO] [main] s.d.spring.web.plugins.DocumentationPluginsBootstrapper [DocumentationPluginsBootstrapper.java : 83] Found {0} custom documentation plugin(s)
2018-04-18 14:28:40,648 [INFO] [main] s.d.spring.web.scanners.ApiListingReferenceScanner [ApiListingReferenceScanner.java : 53] Scanning for api listing references
2018-04-18 14:28:40,653 [INFO] [main] s.d.swagger.web.ClassOrApiAnnotationResourceGrouping [ClassOrApiAnnotationResourceGrouping.java : 100] Group for method add was code-controller
2018-04-18 14:28:40,656 [INFO] [main] s.d.spring.web.scanners.ApiListingReferenceScanner [ApiListingReferenceScanner.java : 72] Request mapping: add belongs to groups: [[ResourceGroup{groupName='code-controller', position=0, controller=com.chdedu.mariframe.modular.system.controller.CodeController}]] 
2018-04-18 14:28:40,662 [INFO] [main] s.d.spring.web.scanners.ApiListingReferenceScanner [ApiListingReferenceScanner.java : 84] Created resource listing Path: /default/code-controller Description: code-controller Position: 0
2018-04-18 14:28:40,684 [INFO] [main] springfox.documentation.schema.ModelContextKeyGenerator [ModelContextKeyGenerator.java : 46] Cache Key Generated: java.lang.Object(true)
2018-04-18 14:28:40,685 [INFO] [main] springfox.documentation.spring.web.caching.CachingAspect [CachingAspect.java : 79] Caching aspect applied for cache models with key java.lang.Object(true)
2018-04-18 14:28:40,693 [INFO] [main] springfox.documentation.schema.ModelContextKeyGenerator [ModelContextKeyGenerator.java : 46] Cache Key Generated: java.lang.Object(true)
2018-04-18 14:28:40,693 [INFO] [main] springfox.documentation.spring.web.caching.CachingAspect [CachingAspect.java : 79] Caching aspect applied for cache modelDependencies with key java.lang.Object(true)
2018-04-18 14:28:40,699 [INFO] [main] springfox.documentation.spring.web.OperationsKeyGenerator [OperationsKeyGenerator.java : 51] Cache key generated: /code/generate.com.chdedu.mariframe.modular.system.controller.CodeController.add.DefaultGenericTypeNamingStrategy
2018-04-18 14:28:40,699 [INFO] [main] springfox.documentation.spring.web.caching.CachingAspect [CachingAspect.java : 68] Caching aspect applied for cache operations with key /code/generate.com.chdedu.mariframe.modular.system.controller.CodeController.add.DefaultGenericTypeNamingStrategy
2018-04-18 14:28:40,722 [INFO] [main] s.d.swagger.web.ClassOrApiAnnotationResourceGrouping [ClassOrApiAnnotationResourceGrouping.java : 100] Group for method add was code-controller
2018-04-18 14:28:40,740 [INFO] [main] s.d.swagger.web.ClassOrApiAnnotationResourceGrouping [ClassOrApiAnnotationResourceGrouping.java : 100] Group for method add was code-controller
2018-04-18 14:28:40,818 [INFO] [main] o.s.b.context.embedded.tomcat.TomcatEmbeddedServletContainer [TomcatEmbeddedServletContainer.java : 198] Tomcat started on port(s): 80 (http)
2018-04-18 14:28:40,826 [INFO] [main] com.chdedu.mariframe.MariframeApplication [StartupInfoLogger.java : 57] Started MariframeApplication in 17.033 seconds (JVM running for 17.65)
2018-04-18 14:28:40,826 [INFO] [main] com.chdedu.mariframe.MariframeApplication [MariframeApplication.java : 39] MariframeApplication is success!
